#
# A fatal error has been detected by the Java Runtime Environment:
#
#  EXCEPTION_ACCESS_VIOLATION (0xc0000005) at pc=0x000000005b9f4be2, pid=8060, tid=2304
#
# JRE version: Java(TM) SE Runtime Environment (8.0-b132) (build 1.8.0-b132)
# Java VM: Java HotSpot(TM) 64-Bit Server VM (25.0-b70 mixed mode windows-amd64 compressed oops)
# Problematic frame:
# V  [jvm.dll+0x424be2]
#
# Failed to write core dump. Minidumps are not enabled by default on client versions of Windows
#
# If you would like to submit a bug report, please visit:
#   http://bugreport.sun.com/bugreport/crash.jsp
#

---------------  T H R E A D  ---------------

Current thread (0x0000000055d9e000):  JavaThread "C2 CompilerThread1" daemon [_thread_in_native, id=2304, stack(0x0000000056750000,0x0000000056850000)]

siginfo: ExceptionCode=0xc0000005, reading address 0x0000000000000000

Registers:
RAX=0x0000000057d45028, RBX=0x0000000000000600, RCX=0x0000000000000000, RDX=0x00000000593969e0
RSP=0x000000005684c5b0, RBP=0x00000000000000c0, RSI=0x00000000000000b8, RDI=0x0000000000000000
R8 =0x000000005b5d0000, R9 =0x000000005684c8d0, R10=0x00000000ffffffff, R11=0x0000000055d94b20
R12=0x0000000057d45730, R13=0x000000005d06a6e8, R14=0x0000000000000008, R15=0x000000005d06a6e8
RIP=0x000000005b9f4be2, EFLAGS=0x0000000000010206

Top of Stack: (sp=0x000000005684c5b0)
0x000000005684c5b0:   00000000000000da 0000000059392240
0x000000005684c5c0:   0000000000000000 000000005c7e3c28
0x000000005684c5d0:   0000000000000001 0000000000000600
0x000000005684c5e0:   0000000000000180 00000000000000c0
0x000000005684c5f0:   0000000058c16370 0000000055dc4cb0
0x000000005684c600:   0000000000000730 0000000059392240
0x000000005684c610:   000000005684c8d0 0000000057d42100
0x000000005684c620:   0000000000000020 0000000000000009
0x000000005684c630:   0000000057d45700 00000000000000da
0x000000005684c640:   000000005d06a6e8 000000005b9f57bd
0x000000005684c650:   0000000057d45700 000000000000001c
0x000000005684c660:   00000000000000da 000000005684c8d0
0x000000005684c670:   00000000593969e0 00000000000000da
0x000000005684c680:   0000000057d42100 0000000000000020
0x000000005684c690:   00000000582e7df0 000000005684ec40
0x000000005684c6a0:   00000000582e8420 0000000057d45700 

Instructions: (pc=0x000000005b9f4be2)
0x000000005b9f4bc2:   c6 48 63 f0 48 03 f1 eb 04 48 83 ce ff 48 8b 84
0x000000005b9f4bd2:   24 a0 00 00 00 48 8b 40 08 48 8b 3c 03 48 8b cf
0x000000005b9f4be2:   48 8b 07 ff 50 28 4c 8d 05 11 b4 bd ff 48 63 50
0x000000005b9f4bf2:   10 4c 8b d8 48 8b ca 48 c1 e1 05 42 80 bc 01 c0 


Register to memory mapping:

RAX=0x0000000057d45028 is an unknown value
RBX=0x0000000000000600 is an unknown value
RCX=0x0000000000000000 is an unknown value
RDX=0x00000000593969e0 is an unknown value
RSP=0x000000005684c5b0 is pointing into the stack for thread: 0x0000000055d9e000
RBP=0x00000000000000c0 is an unknown value
RSI=0x00000000000000b8 is an unknown value
RDI=0x0000000000000000 is an unknown value
R8 =0x000000005b5d0000 is an unknown value
R9 =0x000000005684c8d0 is pointing into the stack for thread: 0x0000000055d9e000
R10=0x00000000ffffffff is an unknown value
R11=0x0000000055d94b20 is an unknown value
R12=0x0000000057d45730 is an unknown value
R13=0x000000005d06a6e8 is an unknown value
R14=0x0000000000000008 is an unknown value
R15=0x000000005d06a6e8 is an unknown value


Stack: [0x0000000056750000,0x0000000056850000],  sp=0x000000005684c5b0,  free space=1009k
Native frames: (J=compiled Java code, j=interpreted, Vv=VM code, C=native code)
V  [jvm.dll+0x424be2]
V  [jvm.dll+0x4257bd]
V  [jvm.dll+0x425cff]
V  [jvm.dll+0x4c5844]
V  [jvm.dll+0x44125c]
V  [jvm.dll+0x4436c9]
V  [jvm.dll+0x427552]
V  [jvm.dll+0x96732]
V  [jvm.dll+0x96f23]
V  [jvm.dll+0x2232e4]
V  [jvm.dll+0x27baea]
C  [msvcr100.dll+0x21d9f]
C  [msvcr100.dll+0x21e3b]
C  [kernel32.dll+0x1f56d]
C  [ntdll.dll+0x33281]


Current CompileTask:
C2:  53084 6402       4       groovy.lang.MetaClassImpl::findPropertyMethod (356 bytes)


---------------  P R O C E S S  ---------------

Java Threads: ( => current thread )
  0x0000000057e10800 JavaThread "net.sf.ehcache.CacheManager@7646be9a" daemon [_thread_blocked, id=6740, stack(0x000000005f0f0000,0x000000005f1f0000)]
  0x000000005c170000 JavaThread "H2 Log Writer DEV" daemon [_thread_blocked, id=6380, stack(0x000000005ef60000,0x000000005f060000)]
  0x00000000589b1000 JavaThread "H2 File Lock Watchdog C:/Users/home64/dev.lock.db" daemon [_thread_blocked, id=6936, stack(0x000000005e320000,0x000000005e420000)]
  0x0000000057d89800 JavaThread "PoolCleaner[1070157899:1419734420215]" daemon [_thread_blocked, id=6488, stack(0x000000005ebb0000,0x000000005ecb0000)]
  0x0000000059a3f000 JavaThread "FileSystemWatcher: files=#220 cl=groovy.lang.GroovyClassLoader@3fc9504b" daemon [_thread_blocked, id=3352, stack(0x000000005aa00000,0x000000005ab00000)]
  0x00000000583ef000 JavaThread "localhost-startStop-1" daemon [_thread_in_Java, id=7984, stack(0x0000000057420000,0x0000000057520000)]
  0x00000000583ee000 JavaThread "Tomcat-startStop-1" daemon [_thread_blocked, id=5148, stack(0x000000005a0a0000,0x000000005a1a0000)]
  0x0000000059acd000 JavaThread "Thread-3" [_thread_in_native, id=2148, stack(0x00000000558f0000,0x00000000559f0000)]
  0x00000000587bb000 JavaThread "Thread-2" [_thread_blocked, id=5612, stack(0x0000000056870000,0x0000000056970000)]
  0x000000005712b800 JavaThread "NonBlockingInputStreamThread" daemon [_thread_blocked, id=6616, stack(0x0000000057b90000,0x0000000057c90000)]
  0x0000000055eff800 JavaThread "Service Thread" daemon [_thread_blocked, id=7516, stack(0x00000000562b0000,0x00000000563b0000)]
  0x0000000055d9f000 JavaThread "C1 CompilerThread2" daemon [_thread_blocked, id=3288, stack(0x0000000056990000,0x0000000056a90000)]
=>0x0000000055d9e000 JavaThread "C2 CompilerThread1" daemon [_thread_in_native, id=2304, stack(0x0000000056750000,0x0000000056850000)]
  0x0000000055d9d000 JavaThread "C2 CompilerThread0" daemon [_thread_in_native, id=7356, stack(0x0000000056560000,0x0000000056660000)]
  0x0000000055cc2800 JavaThread "Attach Listener" daemon [_thread_blocked, id=8052, stack(0x0000000056400000,0x0000000056500000)]
  0x0000000054795800 JavaThread "Signal Dispatcher" daemon [_thread_blocked, id=5320, stack(0x00000000561a0000,0x00000000562a0000)]
  0x0000000054736000 JavaThread "Finalizer" daemon [_thread_blocked, id=3852, stack(0x0000000055bc0000,0x0000000055cc0000)]
  0x000000005472d000 JavaThread "Reference Handler" daemon [_thread_blocked, id=7412, stack(0x00000000559f0000,0x0000000055af0000)]
  0x00000000020a8000 JavaThread "main" [_thread_blocked, id=6928, stack(0x0000000002220000,0x0000000002320000)]

Other Threads:
  0x0000000054727800 VMThread [stack: 0x00000000557c0000,0x00000000558c0000] [id=8140]
  0x0000000055ef5800 WatcherThread [stack: 0x0000000056b10000,0x0000000056c10000] [id=5520]

VM state:not at safepoint (normal execution)

VM Mutex/Monitor currently owned by a thread: None

Heap:
 PSYoungGen      total 225792K, used 203280K [0x00000000f0000000, 0x0000000100000000, 0x0000000100000000)
  eden space 200704K, 88% used [0x00000000f0000000,0x00000000fae1acd8,0x00000000fc400000)
  from space 25088K, 99% used [0x00000000fc400000,0x00000000fdc69490,0x00000000fdc80000)
  to   space 33792K, 0% used [0x00000000fdf00000,0x00000000fdf00000,0x0000000100000000)
 ParOldGen       total 89600K, used 75811K [0x00000000d0000000, 0x00000000d5780000, 0x00000000f0000000)
  object space 89600K, 84% used [0x00000000d0000000,0x00000000d4a08c98,0x00000000d5780000)
 Metaspace       used 63430K, capacity 65528K, committed 65664K, reserved 1107968K
  class space    used 7047K, capacity 7734K, committed 7808K, reserved 1048576K

Card table byte_map: [0x0000000011b80000,0x0000000011d10000] byte_map_base: 0x0000000011500000

Marking Bits: (ParMarkBitMap*) 0x000000005bd813b0
 Begin Bits: [0x0000000012420000, 0x0000000013020000)
 End Bits:   [0x0000000013020000, 0x0000000013c20000)

Polling page: 0x0000000000240000

CodeCache: size=245760Kb used=22125Kb max_used=23434Kb free=223634Kb
 bounds [0x00000000027c0000, 0x0000000003ec0000, 0x00000000117c0000]
 total_blobs=6209 nmethods=5452 adapters=668
 compilation: enabled

Compilation events (10 events):
Event: 53.003 Thread 0x0000000055d9f000 nmethod 6406 0x0000000002de6d90 code [0x0000000002de6f20, 0x0000000002de7128]
Event: 53.014 Thread 0x0000000055d9e000 nmethod 6312 0x00000000036175d0 code [0x0000000003618060, 0x000000000361ef48]
Event: 53.014 Thread 0x0000000055d9e000 6407       4       org.codehaus.groovy.runtime.metaclass.MetaMethodIndex::findMatchingMethod (51 bytes)
Event: 53.016 Thread 0x0000000055d9f000 6408   !   2       com.sun.proxy.$Proxy24::annotationType (50 bytes)
Event: 53.017 Thread 0x0000000055d9f000 nmethod 6408 0x0000000002948910 code [0x0000000002948aa0, 0x0000000002948df8]
Event: 53.018 Thread 0x0000000055d9e000 nmethod 6407 0x0000000002976c90 code [0x0000000002976de0, 0x0000000002976ff8]
Event: 53.018 Thread 0x0000000055d9e000 6402       4       groovy.lang.MetaClassImpl::findPropertyMethod (356 bytes)
Event: 53.043 Thread 0x0000000055d9f000 6411       2       org.codehaus.groovy.runtime.metaclass.MetaMethodIndex::isNonRealMethod (55 bytes)
Event: 53.044 Thread 0x0000000055d9f000 nmethod 6411 0x0000000002f5a350 code [0x0000000002f5a4c0, 0x0000000002f5a7d0]
Event: 53.052 Thread 0x0000000055d9f000 6413   !   2       groovy.lang.MetaClassImpl::findMethod (146 bytes)

GC Heap History (10 events):
Event: 46.907 GC heap before
{Heap before GC invocations=75 (full 5):
 PSYoungGen      total 214528K, used 204501K [0x00000000f0000000, 0x00000000fec80000, 0x0000000100000000)
  eden space 194560K, 100% used [0x00000000f0000000,0x00000000fbe00000,0x00000000fbe00000)
  from space 19968K, 49% used [0x00000000fbe00000,0x00000000fc7b5558,0x00000000fd180000)
  to   space 19456K, 0% used [0x00000000fd980000,0x00000000fd980000,0x00000000fec80000)
 ParOldGen       total 76288K, used 64032K [0x00000000d0000000, 0x00000000d4a80000, 0x00000000f0000000)
  object space 76288K, 83% used [0x00000000d0000000,0x00000000d3e881b0,0x00000000d4a80000)
 Metaspace       used 56039K, capacity 57660K, committed 57984K, reserved 1099776K
  class space    used 6194K, capacity 6684K, committed 6784K, reserved 1048576K
Event: 47.394 GC heap after
Heap after GC invocations=75 (full 5):
 PSYoungGen      total 220672K, used 16351K [0x00000000f0000000, 0x00000000ff400000, 0x0000000100000000)
  eden space 201216K, 0% used [0x00000000f0000000,0x00000000f0000000,0x00000000fc480000)
  from space 19456K, 84% used [0x00000000fd980000,0x00000000fe977c40,0x00000000fec80000)
  to   space 21504K, 0% used [0x00000000fc480000,0x00000000fc480000,0x00000000fd980000)
 ParOldGen       total 76288K, used 64032K [0x00000000d0000000, 0x00000000d4a80000, 0x00000000f0000000)
  object space 76288K, 83% used [0x00000000d0000000,0x00000000d3e881b0,0x00000000d4a80000)
 Metaspace       used 56039K, capacity 57660K, committed 57984K, reserved 1099776K
  class space    used 6194K, capacity 6684K, committed 6784K, reserved 1048576K
}
Event: 48.777 GC heap before
{Heap before GC invocations=76 (full 5):
 PSYoungGen      total 220672K, used 217567K [0x00000000f0000000, 0x00000000ff400000, 0x0000000100000000)
  eden space 201216K, 100% used [0x00000000f0000000,0x00000000fc480000,0x00000000fc480000)
  from space 19456K, 84% used [0x00000000fd980000,0x00000000fe977c40,0x00000000fec80000)
  to   space 21504K, 0% used [0x00000000fc480000,0x00000000fc480000,0x00000000fd980000)
 ParOldGen       total 76288K, used 64032K [0x00000000d0000000, 0x00000000d4a80000, 0x00000000f0000000)
  object space 76288K, 83% used [0x00000000d0000000,0x00000000d3e881b0,0x00000000d4a80000)
 Metaspace       used 57934K, capacity 59546K, committed 59904K, reserved 1101824K
  class space    used 6337K, capacity 6820K, committed 6912K, reserved 1048576K
Event: 48.825 GC heap after
Heap after GC invocations=76 (full 5):
 PSYoungGen      total 222720K, used 21473K [0x00000000f0000000, 0x0000000100000000, 0x0000000100000000)
  eden space 201216K, 0% used [0x00000000f0000000,0x00000000f0000000,0x00000000fc480000)
  from space 21504K, 99% used [0x00000000fc480000,0x00000000fd978688,0x00000000fd980000)
  to   space 27136K, 0% used [0x00000000fe580000,0x00000000fe580000,0x0000000100000000)
 ParOldGen       total 76288K, used 69124K [0x00000000d0000000, 0x00000000d4a80000, 0x00000000f0000000)
  object space 76288K, 90% used [0x00000000d0000000,0x00000000d4381070,0x00000000d4a80000)
 Metaspace       used 57934K, capacity 59546K, committed 59904K, reserved 1101824K
  class space    used 6337K, capacity 6820K, committed 6912K, reserved 1048576K
}
Event: 49.606 GC heap before
{Heap before GC invocations=77 (full 5):
 PSYoungGen      total 222720K, used 221771K [0x00000000f0000000, 0x0000000100000000, 0x0000000100000000)
  eden space 201216K, 99% used [0x00000000f0000000,0x00000000fc39a5e8,0x00000000fc480000)
  from space 21504K, 99% used [0x00000000fc480000,0x00000000fd978688,0x00000000fd980000)
  to   space 27136K, 0% used [0x00000000fe580000,0x00000000fe580000,0x0000000100000000)
 ParOldGen       total 76288K, used 69124K [0x00000000d0000000, 0x00000000d4a80000, 0x00000000f0000000)
  object space 76288K, 90% used [0x00000000d0000000,0x00000000d4381070,0x00000000d4a80000)
 Metaspace       used 58900K, capacity 60544K, committed 61056K, reserved 1103872K
  class space    used 6455K, capacity 6917K, committed 7040K, reserved 1048576K
Event: 49.648 GC heap after
Heap after GC invocations=77 (full 5):
 PSYoungGen      total 227840K, used 24304K [0x00000000f0000000, 0x0000000100000000, 0x0000000100000000)
  eden space 200704K, 0% used [0x00000000f0000000,0x00000000f0000000,0x00000000fc400000)
  from space 27136K, 89% used [0x00000000fe580000,0x00000000ffd3c3d8,0x0000000100000000)
  to   space 30720K, 0% used [0x00000000fc400000,0x00000000fc400000,0x00000000fe200000)
 ParOldGen       total 76288K, used 69626K [0x00000000d0000000, 0x00000000d4a80000, 0x00000000f0000000)
  object space 76288K, 91% used [0x00000000d0000000,0x00000000d43fead8,0x00000000d4a80000)
 Metaspace       used 58900K, capacity 60544K, committed 61056K, reserved 1103872K
  class space    used 6455K, capacity 6917K, committed 7040K, reserved 1048576K
}
Event: 49.648 GC heap before
{Heap before GC invocations=78 (full 6):
 PSYoungGen      total 227840K, used 24304K [0x00000000f0000000, 0x0000000100000000, 0x0000000100000000)
  eden space 200704K, 0% used [0x00000000f0000000,0x00000000f0000000,0x00000000fc400000)
  from space 27136K, 89% used [0x00000000fe580000,0x00000000ffd3c3d8,0x0000000100000000)
  to   space 30720K, 0% used [0x00000000fc400000,0x00000000fc400000,0x00000000fe200000)
 ParOldGen       total 76288K, used 69626K [0x00000000d0000000, 0x00000000d4a80000, 0x00000000f0000000)
  object space 76288K, 91% used [0x00000000d0000000,0x00000000d43fead8,0x00000000d4a80000)
 Metaspace       used 58900K, capacity 60544K, committed 61056K, reserved 1103872K
  class space    used 6455K, capacity 6917K, committed 7040K, reserved 1048576K
Event: 50.717 GC heap after
Heap after GC invocations=78 (full 6):
 PSYoungGen      total 227840K, used 16891K [0x00000000f0000000, 0x0000000100000000, 0x0000000100000000)
  eden space 200704K, 0% used [0x00000000f0000000,0x00000000f0000000,0x00000000fc400000)
  from space 27136K, 62% used [0x00000000fe580000,0x00000000ff5fef70,0x0000000100000000)
  to   space 30720K, 0% used [0x00000000fc400000,0x00000000fc400000,0x00000000fe200000)
 ParOldGen       total 89600K, used 75803K [0x00000000d0000000, 0x00000000d5780000, 0x00000000f0000000)
  object space 89600K, 84% used [0x00000000d0000000,0x00000000d4a06c98,0x00000000d5780000)
 Metaspace       used 58900K, capacity 60544K, committed 61056K, reserved 1103872K
  class space    used 6455K, capacity 6917K, committed 7040K, reserved 1048576K
}
Event: 51.669 GC heap before
{Heap before GC invocations=79 (full 6):
 PSYoungGen      total 227840K, used 217595K [0x00000000f0000000, 0x0000000100000000, 0x0000000100000000)
  eden space 200704K, 100% used [0x00000000f0000000,0x00000000fc400000,0x00000000fc400000)
  from space 27136K, 62% used [0x00000000fe580000,0x00000000ff5fef70,0x0000000100000000)
  to   space 30720K, 0% used [0x00000000fc400000,0x00000000fc400000,0x00000000fe200000)
 ParOldGen       total 89600K, used 75803K [0x00000000d0000000, 0x00000000d5780000, 0x00000000f0000000)
  object space 89600K, 84% used [0x00000000d0000000,0x00000000d4a06c98,0x00000000d5780000)
 Metaspace       used 60972K, capacity 62632K, committed 63104K, reserved 1105920K
  class space    used 6719K, capacity 7208K, committed 7296K, reserved 1048576K
Event: 51.719 GC heap after
Heap after GC invocations=79 (full 6):
 PSYoungGen      total 225792K, used 24997K [0x00000000f0000000, 0x0000000100000000, 0x0000000100000000)
  eden space 200704K, 0% used [0x00000000f0000000,0x00000000f0000000,0x00000000fc400000)
  from space 25088K, 99% used [0x00000000fc400000,0x00000000fdc69490,0x00000000fdc80000)
  to   space 33792K, 0% used [0x00000000fdf00000,0x00000000fdf00000,0x0000000100000000)
 ParOldGen       total 89600K, used 75811K [0x00000000d0000000, 0x00000000d5780000, 0x00000000f0000000)
  object space 89600K, 84% used [0x00000000d0000000,0x00000000d4a08c98,0x00000000d5780000)
 Metaspace       used 60972K, capacity 62632K, committed 63104K, reserved 1105920K
  class space    used 6719K, capacity 7208K, committed 7296K, reserved 1048576K
}

Deoptimization events (10 events):
Event: 45.969 Thread 0x00000000583ef000 Uncommon trap: reason=null_assert action=make_not_entrant pc=0x0000000003a07ed0 method=java.util.concurrent.ConcurrentHashMap.transfer([Ljava/util/concurrent/ConcurrentHashMap$Node;[Ljava/util/concurrent/ConcurrentHashMap$Node;)V @ 557
Event: 45.970 Thread 0x00000000583ef000 Uncommon trap: reason=null_assert action=make_not_entrant pc=0x00000000033218e4 method=java.util.concurrent.ConcurrentHashMap.transfer([Ljava/util/concurrent/ConcurrentHashMap$Node;[Ljava/util/concurrent/ConcurrentHashMap$Node;)V @ 557
Event: 48.423 Thread 0x00000000583ef000 Uncommon trap: reason=unreached action=reinterpret pc=0x0000000002e1aab4 method=org.codehaus.groovy.runtime.metaclass.MetaMethodIndex.getMethods(Ljava/lang/Class;Ljava/lang/String;)Lorg/codehaus/groovy/runtime/metaclass/MetaMethodIndex$Entry; @ 61
Event: 49.468 Thread 0x00000000583ef000 Uncommon trap: reason=bimorphic action=maybe_recompile pc=0x0000000003972e3c method=sl.org.objectweb.asm.ClassReader.a(Lsl/org/objectweb/asm/MethodVisitor;Lsl/org/objectweb/asm/Context;I)V @ 537
Event: 49.602 Thread 0x00000000583ef000 Uncommon trap: reason=bimorphic action=maybe_recompile pc=0x0000000003972b3c method=sl.org.objectweb.asm.MethodVisitor.visitTryCatchBlock(Lsl/org/objectweb/asm/Label;Lsl/org/objectweb/asm/Label;Lsl/org/objectweb/asm/Label;Ljava/lang/String;)V @ 16
Event: 50.766 Thread 0x00000000583ef000 Uncommon trap: reason=unloaded action=reinterpret pc=0x000000000300827c method=org.springframework.core.BridgeMethodResolver.findBridgedMethod(Ljava/lang/reflect/Method;)Ljava/lang/reflect/Method; @ 13
Event: 51.297 Thread 0x00000000583ef000 Uncommon trap: reason=null_check action=make_not_entrant pc=0x0000000003c5cd3c method=org.springsource.loaded.ri.ReflectiveInterceptor.jlClassGetModifiers(Ljava/lang/Class;)I @ 10
Event: 51.934 Thread 0x00000000583ef000 Uncommon trap: reason=bimorphic action=maybe_recompile pc=0x00000000037a99d4 method=java.util.regex.Pattern$Branch.match(Ljava/util/regex/Matcher;ILjava/lang/CharSequence;)Z @ 32
Event: 52.302 Thread 0x00000000583ef000 Uncommon trap: reason=unreached action=reinterpret pc=0x0000000002c74154 method=sun.util.calendar.ZoneInfo.getOffsets(J[II)I @ 4
Event: 53.043 Thread 0x00000000583ef000 Uncommon trap: reason=unreached action=reinterpret pc=0x0000000003da3594 method=org.codehaus.groovy.runtime.metaclass.MetaMethodIndex.isNonRealMethod(Lgroovy/lang/MetaMethod;)Z @ 32

Internal exceptions (10 events):
Event: 53.048 Thread 0x00000000583ef000 Exception <a 'java/security/PrivilegedActionException'> (0x00000000fa8a7d38) thrown at [D:\re\workspace\8-2-build-windows-amd64-cygwin\jdk8\2238\hotspot\src\share\vm\prims\jvm.cpp, line 1248]
Event: 53.048 Thread 0x00000000583ef000 Exception <a 'java/lang/ClassNotFoundException': org/codehaus/groovy/grails/plugins/DomainClassGrailsPlugin$_registerConstraintsProperty_closure20BeanInfo> (0x00000000fa8a8cc0) thrown at [D:\re\workspace\8-2-build-windows-amd64-cygwin\jdk8\2238\hotspot\srcHÌ8D.†J@
Event: 53.048 Thread 0x00000000583ef000 Exception <a 'java/security/PrivilegedActionException'> (0x00000000fa8aa2e8) thrown at [D:\re\workspace\8-2-build-windows-amd64-cygwin\jdk8\2238\hotspot\src\share\vm\prims\jvm.cpp, line 1248]
Event: 53.049 Thread 0x00000000583ef000 Exception <a 'java/security/PrivilegedActionException'> (0x00000000fa8b04b8) thrown at [D:\re\workspace\8-2-build-windows-amd64-cygwin\jdk8\2238\hotspot\src\share\vm\prims\jvm.cpp, line 1248]
Event: 53.049 Thread 0x00000000583ef000 Exception <a 'java/security/PrivilegedActionException'> (0x00000000fa8c9270) thrown at [D:\re\workspace\8-2-build-windows-amd64-cygwin\jdk8\2238\hotspot\src\share\vm\prims\jvm.cpp, line 1248]
Event: 53.050 Thread 0x00000000583ef000 Exception <a 'java/security/PrivilegedActionException'> (0x00000000fa8e81f0) thrown at [D:\re\workspace\8-2-build-windows-amd64-cygwin\jdk8\2238\hotspot\src\share\vm\prims\jvm.cpp, line 1248]
Event: 53.050 Thread 0x00000000583ef000 Exception <a 'java/security/PrivilegedActionException'> (0x00000000fa8ee3c0) thrown at [D:\re\workspace\8-2-build-windows-amd64-cygwin\jdk8\2238\hotspot\src\share\vm\prims\jvm.cpp, line 1248]
Event: 53.051 Thread 0x00000000583ef000 Exception <a 'java/security/PrivilegedActionException'> (0x00000000fa907178) thrown at [D:\re\workspace\8-2-build-windows-amd64-cygwin\jdk8\2238\hotspot\src\share\vm\prims\jvm.cpp, line 1248]
Event: 53.052 Thread 0x00000000583ef000 Exception <a 'java/security/PrivilegedActionException'> (0x00000000fa93dcd0) thrown at [D:\re\workspace\8-2-build-windows-amd64-cygwin\jdk8\2238\hotspot\src\share\vm\prims\jvm.cpp, line 1248]
Event: 53.052 Thread 0x00000000583ef000 Exception <a 'java/lang/ClassNotFoundException': org/codehaus/groovy/grails/plugins/DomainClassGrailsPlugin$_registerConstraintsProperty_closure20Customizer> (0x00000000fa93ec58) thrown at [D:\re\workspace\8-2-build-windows-amd64-cygwin\jdk8\2238\hotspot\s•CÛ9)†J@

Events (10 events):
Event: 53.046 loading class org/codehaus/groovy/grails/plugins/DomainClassGrailsPlugin$_registerConstraintsProperty_closure20BeanInfo
Event: 53.046 loading class org/codehaus/groovy/grails/plugins/DomainClassGrailsPlugin$_registerConstraintsProperty_closure20BeanInfo done
Event: 53.048 loading class org/codehaus/groovy/grails/plugins/DomainClassGrailsPlugin$_registerConstraintsProperty_closure20BeanInfo
Event: 53.048 loading class org/codehaus/groovy/grails/plugins/DomainClassGrailsPlugin$_registerConstraintsProperty_closure20BeanInfo done
Event: 53.048 loading class org/codehaus/groovy/grails/plugins/DomainClassGrailsPlugin$_registerConstraintsProperty_closure20Customizer
Event: 53.048 loading class org/codehaus/groovy/grails/plugins/DomainClassGrailsPlugin$_registerConstraintsProperty_closure20Customizer done
Event: 53.050 loading class org/codehaus/groovy/grails/plugins/DomainClassGrailsPlugin$_registerConstraintsProperty_closure20Customizer
Event: 53.050 loading class org/codehaus/groovy/grails/plugins/DomainClassGrailsPlugin$_registerConstraintsProperty_closure20Customizer done
Event: 53.052 loading class org/codehaus/groovy/grails/plugins/DomainClassGrailsPlugin$_registerConstraintsProperty_closure20Customizer
Event: 53.052 loading class org/codehaus/groovy/grails/plugins/DomainClassGrailsPlugin$_registerConstraintsProperty_closure20Customizer done


Dynamic libraries:
0x000000013f410000 - 0x000000013f444000 	C:\java\jdk1.8.0-64bits\bin\java.exe
0x0000000076d70000 - 0x0000000076f1b000 	C:\Windows\SYSTEM32\ntdll.dll
0x0000000076c50000 - 0x0000000076d6f000 	C:\Windows\system32\kernel32.dll
0x000007fefd030000 - 0x000007fefd09b000 	C:\Windows\system32\KERNELBASE.dll
0x000007fefeda0000 - 0x000007fefee7b000 	C:\Windows\system32\ADVAPI32.dll
0x000007fefe390000 - 0x000007fefe42f000 	C:\Windows\system32\msvcrt.dll
0x000007fefe240000 - 0x000007fefe25f000 	C:\Windows\SYSTEM32\sechost.dll
0x000007fefe940000 - 0x000007fefea6e000 	C:\Windows\system32\RPCRT4.dll
0x0000000076b50000 - 0x0000000076c4a000 	C:\Windows\system32\USER32.dll
0x000007fefe8d0000 - 0x000007fefe937000 	C:\Windows\system32\GDI32.dll
0x000007fefe450000 - 0x000007fefe45e000 	C:\Windows\system32\LPK.dll
0x000007fefd180000 - 0x000007fefd24a000 	C:\Windows\system32\USP10.dll
0x000007fefb780000 - 0x000007fefb974000 	C:\Windows\WinSxS\amd64_microsoft.windows.common-controls_6595b64144ccf1df_6.0.7600.16385_none_fa645303170382f6\COMCTL32.dll
0x000007fefed20000 - 0x000007fefed91000 	C:\Windows\system32\SHLWAPI.dll
0x000007fefea70000 - 0x000007fefea9e000 	C:\Windows\system32\IMM32.DLL
0x000007fefd300000 - 0x000007fefd409000 	C:\Windows\system32\MSCTF.dll
0x00000000659b0000 - 0x0000000065a82000 	C:\java\jdk1.8.0-64bits\jre\bin\msvcr100.dll
0x000000005b5d0000 - 0x000000005bdfa000 	C:\java\jdk1.8.0-64bits\jre\bin\server\jvm.dll
0x000007fefb670000 - 0x000007fefb679000 	C:\Windows\system32\WSOCK32.dll
0x000007fefec80000 - 0x000007fefeccd000 	C:\Windows\system32\WS2_32.dll
0x000007fefd250000 - 0x000007fefd258000 	C:\Windows\system32\NSI.dll
0x000007fefa900000 - 0x000007fefa93b000 	C:\Windows\system32\WINMM.dll
0x0000000076f40000 - 0x0000000076f47000 	C:\Windows\system32\PSAPI.DLL
0x000000006a2d0000 - 0x000000006a2df000 	C:\java\jdk1.8.0-64bits\jre\bin\verify.dll
0x0000000068850000 - 0x0000000068878000 	C:\java\jdk1.8.0-64bits\jre\bin\java.dll
0x00000000658d0000 - 0x00000000658f3000 	C:\java\jdk1.8.0-64bits\jre\bin\instrument.dll
0x0000000068920000 - 0x0000000068936000 	C:\java\jdk1.8.0-64bits\jre\bin\zip.dll
0x000007fefd410000 - 0x000007fefe196000 	C:\Windows\system32\SHELL32.dll
0x000007fefe460000 - 0x000007fefe661000 	C:\Windows\system32\ole32.dll
0x000007fefccd0000 - 0x000007fefccdf000 	C:\Windows\system32\profapi.dll
0x000007fefc5a0000 - 0x000007fefc5b7000 	C:\Windows\system32\CRYPTSP.dll
0x000007fefc2a0000 - 0x000007fefc2e7000 	C:\Windows\system32\rsaenh.dll
0x000007fefc020000 - 0x000007fefc03e000 	C:\Windows\system32\USERENV.dll
0x000007fefcc00000 - 0x000007fefcc0f000 	C:\Windows\system32\CRYPTBASE.dll
0x0000000065950000 - 0x000000006596a000 	C:\java\jdk1.8.0-64bits\jre\bin\net.dll
0x000007fefc540000 - 0x000007fefc594000 	C:\Windows\system32\mswsock.dll
0x000007fefc530000 - 0x000007fefc537000 	C:\Windows\System32\wship6.dll
0x000007fefa8a0000 - 0x000007fefa8b5000 	C:\Windows\system32\NLAapi.dll
0x000007fefc3c0000 - 0x000007fefc41b000 	C:\Windows\system32\DNSAPI.dll
0x000007fef5e80000 - 0x000007fef5e8b000 	C:\Windows\System32\winrnr.dll
0x000007fef5e60000 - 0x000007fef5e75000 	C:\Windows\system32\napinsp.dll
0x000007fef5e40000 - 0x000007fef5e59000 	C:\Windows\system32\pnrpnsp.dll
0x000007fef5e30000 - 0x000007fef5e40000 	C:\Windows\system32\wshbth.dll
0x000007fefbf10000 - 0x000007fefbf17000 	C:\Windows\System32\wshtcpip.dll
0x000007fefa1b0000 - 0x000007fefa1d7000 	C:\Windows\system32\IPHLPAPI.DLL
0x000007fefa190000 - 0x000007fefa19b000 	C:\Windows\system32\WINNSI.DLL
0x000007fef8c90000 - 0x000007fef8c98000 	C:\Windows\system32\rasadhlp.dll
0x000007fefa050000 - 0x000007fefa0a3000 	C:\Windows\System32\fwpuclnt.dll
0x00000000657f0000 - 0x0000000065801000 	C:\java\jdk1.8.0-64bits\jre\bin\nio.dll
0x000007fefa470000 - 0x000007fefa47a000 	C:\Users\home64\AppData\Local\Temp\jansi-64-9031418840558105761.dll
0x00000000657b0000 - 0x00000000657bd000 	C:\java\jdk1.8.0-64bits\jre\bin\management.dll
0x000007fef5e90000 - 0x000007fef5fb5000 	C:\Windows\system32\dbghelp.dll

VM Arguments:
jvm_args: -Dfile.encoding=UTF-8 -Xmx768M -Xms64M -Dgrails.fork.parent.process.port=57638 -Dgrails.fork.active=true -Dgrails.build.execution.context=C:\Users\home64\AppData\Local\Temp\saproto13660287970098791630grails-execution-context -Dgrails.home=C:\java\ggts-bundle\grails-2.4.3 -javaagent:C:\java\ggts-bundle\grails-2.4.3\lib\org.springframework\springloaded\jars\springloaded-1.2.0.RELEASE.jar -Xverify:none -Dspringloaded.synchronize=true -Djdk.reflect.allowGetCallerClass=true -Dspringloaded=profile=grails;cacheDir=C:\Users\home64\.grails\2.4.3 
java_command: org.grails.plugins.tomcat.fork.ForkedTomcatServer
java_class_path (initial): C:\java\jdk1.8.0-64bits\lib\tools.jar;C:\java\ggts-bundle\grails-2.4.3\lib\org.codehaus.groovy\groovy-all\jars\groovy-all-2.3.6.jar;C:\java\ggts-bundle\grails-2.4.3\lib\org.slf4j\jcl-over-slf4j\jars\jcl-over-slf4j-1.7.5.jar;C:\java\ggts-bundle\grails-2.4.3\lib\org.codehaus.gant\gant_groovy1.8\jars\gant_groovy1.8-1.9.6.jar;C:\java\ggts-bundle\grails-2.4.3\lib\org.apache.tomcat.embed\tomcat-embed-logging-log4j\jars\tomcat-embed-logging-log4j-7.0.50.jar;C:\java\ggts-bundle\grails-2.4.3\dist\grails-plugin-log4j-2.4.3.jar;C:\java\ggts-bundle\grails-2.4.3\lib\log4j\log4j\jars\log4j-1.2.17.jar;C:\java\ggts-bundle\grails-2.4.3\dist\grails-bootstrap-2.4.3.jar;C:\java\ggts-bundle\grails-2.4.3\lib\org.slf4j\slf4j-api\jars\slf4j-api-1.7.5.jar;C:\java\ggts-bundle\grails-2.4.3\lib\jline\jline\jars\jline-2.12.jar;C:\java\ggts-bundle\grails-2.4.3\lib\org.apache.ant\ant\jars\ant-1.8.4.jar;C:\java\ggts-bundle\grails-2.4.3\lib\org.apache.ant\ant-launcher\jars\ant-launcher-1.8.4.jar;C:\java\ggts-bundle\grails-2.4.3\lib\org.apache.ant\ant-trax\jars\ant-trax-1.7.1.jar;C:\java\ggts-bundle\grails-2.4.3\lib\org.apache.ant\ant-junit\jars\ant-junit-1.8.4.jar;C:\java\ggts-bundle\grails-2.4.3\lib\org.apache.ivy\ivy\jars\ivy-2.3.0.jar;C:\java\ggts-bundle\grails-2.4.3\lib\org.fusesource.jansi\jansi\jars\jansi-1.11.jar;C:\Users\home64\.m2\repository\org\apache\tomcat\tomcat-catalina-ant\7.0.55\tomcat-catalina-ant-7.0.55.jar;C:\Users\home64\.m2\repository\org\apache\tomcat\embed\tomcat-embed-jasper\7.0.55\tomcat-embed-jasper-7.0.55.jar;C:\Users\home64\.m2\repository\org\apache\tomcat\embed\tomcat-embed-el\7.0.55\tomcat-embed-el-7.0.55.jar;C:\Users\home64\.m2\repository\org\apache\tomcat\embed\tomcat-embed-logging-log4j\7.0.55\tomcat-embed-logging-log4j-7.0.55.jar;C:\Users\home64\.m2\repository\org\apache\tomcat\embed\tomcat-embed-websocket\7.0.55\tomcat-embed-websocket-7.0.55.jar;C:\Users\home64\.m2\repository\org\apache\tomcat\embed\tomcat-embed-core\7.0.55\tomcat-embe
Launcher Type: SUN_STANDARD

Environment Variables:
JAVA_HOME=C:\java\jdk1.8.0-64bits
PATH=C:\Program Files (x86)\PC Connectivity Solution\;C:\Program Files (x86)\Borland\Delphi7\Bin;C:\Program Files (x86)\Borland\Delphi7\Projects\Bpl\;C:\Program Files (x86)\AMD APP\bin\x86_64;C:\Windows\system32;C:\Windows;C:\Windows\System32\Wbem;C:\Windows\System32\WindowsPowerShell\v1.0;c:\Java\jdk1.8.0-64bits\bin;E:\Java\apache-maven-3.2.1\bin;E:\Java\mysql5.6\bin;c:\;D:\temp\64\svn;C:\Program Files\TortoiseSVN\bin;c:\java\ggts-bundle\grails-2.4.3\bin;
USERNAME=home64
OS=Windows_NT
PROCESSOR_IDENTIFIER=AMD64 Family 21 Model 1 Stepping 2, AuthenticAMD



---------------  S Y S T E M  ---------------

OS: Windows 7 , 64 bit Build 7600 

CPU:total 4 (4 cores per cpu, 1 threads per core) family 21 model 1 stepping 2, cmov, cx8, fxsr, mmx, sse, sse2, sse3, ssse3, sse4.1, sse4.2, popcnt, aes, clmul, mmxext, 3dnowpref, lzcnt, sse4a, tsc, tscinvbit

Memory: 4k page, physical 8316700k(3445616k free), swap 16631504k(9822872k free)

vm_info: Java HotSpot(TM) 64-Bit Server VM (25.0-b70) for windows-amd64 JRE (1.8.0-b132), built on Mar  4 2014 03:46:18 by "java_re" with MS VC++ 10.0 (VS2010)

time: Sun Dec 28 00:40:36 2014
elapsed time: 53 seconds

