#
# A fatal error has been detected by the Java Runtime Environment:
#
#  EXCEPTION_ACCESS_VIOLATION (0xc0000005) at pc=0x00000000025e9e97, pid=10220, tid=1376
#
# JRE version: Java(TM) SE Runtime Environment (7.0_75-b13) (build 1.7.0_75-b13)
# Java VM: Java HotSpot(TM) 64-Bit Server VM (24.75-b04 mixed mode windows-amd64 compressed oops)
# Problematic frame:
# j  org.apoiasuas.cidadao.FamiliaService.setProperty(Ljava/lang/String;Ljava/lang/Object;)V+74
#
# Failed to write core dump. Minidumps are not enabled by default on client versions of Windows
#
# If you would like to submit a bug report, please visit:
#   http://bugreport.sun.com/bugreport/crash.jsp
#

---------------  T H R E A D  ---------------

Current thread (0x0000000014645000):  JavaThread "http-bio-8080-exec-10" daemon [_thread_in_Java, id=1376, stack(0x0000000010ba0000,0x0000000010ca0000)]

siginfo: ExceptionCode=0xc0000005, reading address 0xffffffffffffffff

Registers:
RAX=0x00000000b376bfde, RBX=0x002cb92e01135f57, RCX=0x0000000010c9b3d0, RDX=0x0000000070000001
RSP=0x0000000010c9b360, RBP=0x0000000010c9b3b0, RSI=0x00000000f80ea370, RDI=0x00000000aed14180
R8 =0x000000000000002f, R9 =0x00000000c2682d58, R10=0x0000000055647fc0, R11=0x0000000002840390
R12=0x0000000000000000, R13=0x0000000010c9b368, R14=0x0000000000000000, R15=0x0000000014645000
RIP=0x00000000025e9e97, EFLAGS=0x0000000000010246

Top of Stack: (sp=0x0000000010c9b360)
0x0000000010c9b360:   00000000025c6373 0000000010c9b3d0
0x0000000010c9b370:   0000000010c9b370 00000000b2f53b92
0x0000000010c9b380:   0000000010c9b3d0 00000000b37658f0
0x0000000010c9b390:   0000000000000000 00000000b2f53ba0
0x0000000010c9b3a0:   0000000010c9b368 0000000010c9b3c0
0x0000000010c9b3b0:   0000000010c9b410 00000000025c6373
0x0000000010c9b3c0:   00000000f7f64398 00000000ce7dd178
0x0000000010c9b3d0:   0000000010c9b3d0 00000000b376bfde
0x0000000010c9b3e0:   0000000010c9b458 00000000b547da08
0x0000000010c9b3f0:   0000000000000000 00000000b376c030
0x0000000010c9b400:   0000000010c9b3c0 0000000010c9b450
0x0000000010c9b410:   0000000010c9b4a0 00000000025c6373
0x0000000010c9b420:   0000000000000000 00000000f7ec3e88
0x0000000010c9b430:   0000000000000001 00000000f7ec3c08
0x0000000010c9b440:   00000000ce822358 00000000f7ec3ba8
0x0000000010c9b450:   00000000fd0772f0 00000000ce808c08 

Instructions: (pc=0x00000000025e9e97)
0x00000000025e9e77:   75 e0 48 8b 9c d8 f8 01 00 00 4c 8d 6c 24 08 4c
0x00000000025e9e87:   89 6d f0 41 80 bf 88 03 00 00 00 74 03 ff 63 58
0x00000000025e9e97:   ff 63 78 66 0f 1f 44 00 00 20 02 00 00 00 00 00
0x00000000025e9ea7:   00 f0 36 47 55 00 00 00 00 b7 00 00 00 00 00 00 


Register to memory mapping:

RAX=0x00000000b376bfde is pointing into object: 0x00000000b376be90
{constMethod} 
 - klass: {other class}
 - constants:       0x00000000b3769400 constant pool [915] for 'org/apoiasuas/cidadao/FamiliaService$CadastroFamiliar' cache=0x00000000b547da08
bci_from(00000000B376BFDE) = 270; print_codes():
RBX=0x002cb92e01135f57 is an unknown value
RCX=0x0000000010c9b3d0 is pointing into the stack for thread: 0x0000000014645000
RDX=0x0000000070000001 is an unknown value
RSP=0x0000000010c9b360 is pointing into the stack for thread: 0x0000000014645000
RBP=0x0000000010c9b3b0 is pointing into the stack for thread: 0x0000000014645000
RSI=0x00000000f80ea370 is an oop
java.util.HashMap$Entry 
 - klass: 'java/util/HashMap$Entry'
RDI=0x00000000aed14180 is an oop
{object array class} 
 - klass: {other class}
R8 =0x000000000000002f is an unknown value
R9 =0x00000000c2682d58 is an oop
java.lang.Class 
 - klass: 'java/lang/Class'
R10=0x0000000055647fc0 is an unknown value
R11=0x0000000002840390 is at entry_point+16 in (nmethod*)0x0000000002840250
R12=0x0000000000000000 is an unknown value
R13=0x0000000010c9b368 is pointing into the stack for thread: 0x0000000014645000
R14=0x0000000000000000 is an unknown value
R15=0x0000000014645000 is a thread


Stack: [0x0000000010ba0000,0x0000000010ca0000],  sp=0x0000000010c9b360,  free space=1004k
Native frames: (J=compiled Java code, j=interpreted, Vv=VM code, C=native code)
j  org.apoiasuas.cidadao.FamiliaService.setProperty(Ljava/lang/String;Ljava/lang/Object;)V+74
j  org.apoiasuas.cidadao.FamiliaService$CadastroFamiliar.emiteFormularioCadastro(Lorg/apoiasuas/cidadao/Familia;)Ljava/util/List;+270
j  org.apoiasuas.cidadao.FamiliaService$CadastroFamiliar$emiteFormularioCadastro$0.call(Ljava/lang/Object;[Ljava/lang/Object;)Ljava/lang/Object;+98
j  org.codehaus.groovy.runtime.callsite.CallSiteArray.defaultCall(Lorg/codehaus/groovy/runtime/callsite/CallSite;Ljava/lang/Object;[Ljava/lang/Object;)Ljava/lang/Object;+8
j  org.codehaus.groovy.runtime.callsite.AbstractCallSite.call(Ljava/lang/Object;[Ljava/lang/Object;)Ljava/lang/Object;+3
j  org.codehaus.groovy.runtime.callsite.AbstractCallSite.call(Ljava/lang/Object;Ljava/lang/Object;)Ljava/lang/Object;+33
j  org.apoiasuas.cidadao.FamiliaDetalhadoController.download(Lorg/apoiasuas/cidadao/Familia;)Ljava/lang/Object;+387
j  org.apoiasuas.cidadao.FamiliaDetalhadoController.download()Ljava/lang/Object;+289
v  ~StubRoutines::call_stub


---------------  P R O C E S S  ---------------

Java Threads: ( => current thread )
=>0x0000000014645000 JavaThread "http-bio-8080-exec-10" daemon [_thread_in_Java, id=1376, stack(0x0000000010ba0000,0x0000000010ca0000)]
  0x0000000014644000 JavaThread "elasticsearch[Crime Master][flush][T#3]" daemon [_thread_blocked, id=9100, stack(0x0000000015440000,0x0000000015540000)]
  0x0000000011bda800 JavaThread "elasticsearch[Crime Master][management][T#3]" daemon [_thread_blocked, id=8616, stack(0x0000000013000000,0x0000000013100000)]
  0x00000000103cd800 JavaThread "elasticsearch[Crime Master][management][T#2]" daemon [_thread_blocked, id=9552, stack(0x0000000013110000,0x0000000013210000)]
  0x0000000012654000 JavaThread "http-bio-8080-exec-9" daemon [_thread_blocked, id=8516, stack(0x000000001be70000,0x000000001bf70000)]
  0x0000000014643800 JavaThread "http-bio-8080-exec-8" daemon [_thread_blocked, id=6136, stack(0x000000001c8b0000,0x000000001c9b0000)]
  0x0000000014642800 JavaThread "elasticsearch[Crime Master][refresh][T#4]" daemon [_thread_blocked, id=1276, stack(0x000000001c720000,0x000000001c820000)]
  0x0000000011578000 JavaThread "http-bio-8080-exec-7" daemon [_thread_blocked, id=7432, stack(0x000000001c140000,0x000000001c240000)]
  0x0000000011577800 JavaThread "http-bio-8080-exec-6" daemon [_thread_blocked, id=6540, stack(0x000000001bc40000,0x000000001bd40000)]
  0x0000000011576800 JavaThread "http-bio-8080-exec-5" daemon [_thread_blocked, id=8032, stack(0x000000001bf90000,0x000000001c090000)]
  0x0000000011576000 JavaThread "http-bio-8080-exec-4" daemon [_thread_blocked, id=1168, stack(0x000000001bd50000,0x000000001be50000)]
  0x0000000011575000 JavaThread "http-bio-8080-exec-3" daemon [_thread_blocked, id=5300, stack(0x000000001bb00000,0x000000001bc00000)]
  0x0000000011574000 JavaThread "http-bio-8080-exec-2" daemon [_thread_blocked, id=2556, stack(0x000000001b2e0000,0x000000001b3e0000)]
  0x0000000011573800 JavaThread "http-bio-8080-exec-1" daemon [_thread_blocked, id=864, stack(0x000000001b920000,0x000000001ba20000)]
  0x0000000011572800 JavaThread "Thread-15" daemon [_thread_blocked, id=3392, stack(0x000000001b7f0000,0x000000001b8f0000)]
  0x0000000011572000 JavaThread "Thread-16" daemon [_thread_in_native, id=4896, stack(0x0000000017810000,0x0000000017910000)]
  0x0000000012650800 JavaThread "http-bio-8080-AsyncTimeout" daemon [_thread_blocked, id=7688, stack(0x000000001b5c0000,0x000000001b6c0000)]
  0x0000000012655800 JavaThread "http-bio-8080-Acceptor-0" daemon [_thread_in_native, id=9304, stack(0x000000001b3f0000,0x000000001b4f0000)]
  0x0000000012655000 JavaThread "ContainerBackgroundProcessor[StandardEngine[Tomcat]]" daemon [_thread_blocked, id=7004, stack(0x000000001a000000,0x000000001a100000)]
  0x0000000012653800 JavaThread "elasticsearch[Crime Master][bulk][T#5]" daemon [_thread_blocked, id=4628, stack(0x000000001b180000,0x000000001b280000)]
  0x0000000012652800 JavaThread "elasticsearch[Crime Master][bulk][T#4]" daemon [_thread_blocked, id=7776, stack(0x0000000019e80000,0x0000000019f80000)]
  0x0000000012652000 JavaThread "elasticsearch[Crime Master][bulk][T#3]" daemon [_thread_blocked, id=7656, stack(0x0000000019a20000,0x0000000019b20000)]
  0x000000001264f800 JavaThread "elasticsearch[Crime Master][bulk][T#2]" daemon [_thread_blocked, id=4652, stack(0x0000000019ca0000,0x0000000019da0000)]
  0x0000000012651000 JavaThread "elasticsearch[Crime Master][bulk][T#1]" daemon [_thread_blocked, id=5724, stack(0x0000000019b90000,0x0000000019c90000)]
  0x0000000013cfc000 JavaThread "elasticsearch[Crime Master][local_transport][T#8]" daemon [_thread_blocked, id=7460, stack(0x00000000180e0000,0x00000000181e0000)]
  0x0000000013cfb800 JavaThread "elasticsearch[Crime Master][local_transport][T#7]" daemon [_thread_blocked, id=2388, stack(0x00000000182e0000,0x00000000183e0000)]
  0x0000000013cfa800 JavaThread "elasticsearch[Crime Master][local_transport][T#6]" daemon [_thread_blocked, id=9508, stack(0x0000000019920000,0x0000000019a20000)]
  0x0000000013cf9800 JavaThread "elasticsearch[Crime Master][local_transport][T#4]" daemon [_thread_blocked, id=6332, stack(0x00000000197a0000,0x00000000198a0000)]
  0x0000000013cf9000 JavaThread "elasticsearch[Crime Master][local_transport][T#5]" daemon [_thread_blocked, id=9268, stack(0x00000000192f0000,0x00000000193f0000)]
  0x0000000013cf8000 JavaThread "elasticsearch[Crime Master][local_transport][T#3]" daemon [_thread_blocked, id=6432, stack(0x00000000195e0000,0x00000000196e0000)]
  0x0000000010f0f800 JavaThread "elasticsearch[Crime Master][warmer][T#1]" daemon [_thread_blocked, id=8888, stack(0x0000000019000000,0x0000000019100000)]
  0x0000000010f0e800 JavaThread "elasticsearch[Crime Master][listener][T#4]" daemon [_thread_blocked, id=10076, stack(0x0000000018c90000,0x0000000018d90000)]
  0x0000000010f0e000 JavaThread "elasticsearch[Crime Master][listener][T#3]" daemon [_thread_blocked, id=9648, stack(0x0000000018dc0000,0x0000000018ec0000)]
  0x0000000010f0c800 JavaThread "elasticsearch[Crime Master][generic][T#3]" daemon [_thread_blocked, id=4784, stack(0x0000000017910000,0x0000000017a10000)]
  0x0000000010f0b800 JavaThread "elasticsearch[Crime Master][listener][T#2]" daemon [_thread_blocked, id=8544, stack(0x0000000018800000,0x0000000018900000)]
  0x0000000010f0b000 JavaThread "elasticsearch[Crime Master][listener][T#1]" daemon [_thread_blocked, id=9620, stack(0x0000000017020000,0x0000000017120000)]
  0x0000000012738800 JavaThread "quartzScheduler_QuartzSchedulerThread" [_thread_blocked, id=1756, stack(0x00000000189b0000,0x0000000018ab0000)]
  0x0000000012738000 JavaThread "quartzScheduler_Worker-10" [_thread_blocked, id=9164, stack(0x00000000186f0000,0x00000000187f0000)]
  0x0000000012737000 JavaThread "quartzScheduler_Worker-9" [_thread_blocked, id=8252, stack(0x0000000018590000,0x0000000018690000)]
  0x0000000012736800 JavaThread "quartzScheduler_Worker-8" [_thread_blocked, id=9280, stack(0x00000000183e0000,0x00000000184e0000)]
  0x0000000012735800 JavaThread "quartzScheduler_Worker-7" [_thread_blocked, id=9628, stack(0x00000000181e0000,0x00000000182e0000)]
  0x000000000ed20800 JavaThread "quartzScheduler_Worker-6" [_thread_blocked, id=8664, stack(0x0000000017fd0000,0x00000000180d0000)]
  0x000000000ed20000 JavaThread "quartzScheduler_Worker-5" [_thread_blocked, id=10072, stack(0x0000000017e30000,0x0000000017f30000)]
  0x000000000ed1f000 JavaThread "quartzScheduler_Worker-4" [_thread_blocked, id=9908, stack(0x0000000017d20000,0x0000000017e20000)]
  0x000000000ed1e800 JavaThread "quartzScheduler_Worker-3" [_thread_blocked, id=9576, stack(0x0000000017bb0000,0x0000000017cb0000)]
  0x000000000ed1d800 JavaThread "quartzScheduler_Worker-2" [_thread_blocked, id=5204, stack(0x0000000017a40000,0x0000000017b40000)]
  0x000000000ed1d000 JavaThread "quartzScheduler_Worker-1" [_thread_blocked, id=10132, stack(0x0000000017410000,0x0000000017510000)]
  0x000000000ed1c000 JavaThread "elasticsearch[Crime Master][http_server_boss][T#1]{New I/O server boss #17}" daemon [_thread_in_native, id=9572, stack(0x0000000016180000,0x0000000016280000)]
  0x000000000ed1a800 JavaThread "elasticsearch[Crime Master][http_server_worker][T#16]{New I/O worker #16}" daemon [_thread_in_native, id=8204, stack(0x0000000015650000,0x0000000015750000)]
  0x000000000ed1b800 JavaThread "elasticsearch[Crime Master][http_server_worker][T#15]{New I/O worker #15}" daemon [_thread_in_native, id=9332, stack(0x0000000017700000,0x0000000017800000)]
  0x000000000ed1a000 JavaThread "elasticsearch[Crime Master][http_server_worker][T#14]{New I/O worker #14}" daemon [_thread_in_native, id=9440, stack(0x0000000017520000,0x0000000017620000)]
  0x00000000112be000 JavaThread "elasticsearch[Crime Master][http_server_worker][T#13]{New I/O worker #13}" daemon [_thread_in_native, id=8648, stack(0x0000000017300000,0x0000000017400000)]
  0x00000000112bd800 JavaThread "elasticsearch[Crime Master][http_server_worker][T#12]{New I/O worker #12}" daemon [_thread_in_native, id=5116, stack(0x0000000017160000,0x0000000017260000)]
  0x00000000112bc800 JavaThread "elasticsearch[Crime Master][http_server_worker][T#11]{New I/O worker #11}" daemon [_thread_in_native, id=4532, stack(0x0000000016f10000,0x0000000017010000)]
  0x00000000112bc000 JavaThread "elasticsearch[Crime Master][http_server_worker][T#10]{New I/O worker #10}" daemon [_thread_in_native, id=8432, stack(0x0000000016da0000,0x0000000016ea0000)]
  0x00000000112bb000 JavaThread "elasticsearch[Crime Master][http_server_worker][T#9]{New I/O worker #9}" daemon [_thread_in_native, id=2192, stack(0x0000000016bc0000,0x0000000016cc0000)]
  0x00000000112ba800 JavaThread "elasticsearch[Crime Master][http_server_worker][T#8]{New I/O worker #8}" daemon [_thread_in_native, id=9296, stack(0x0000000016580000,0x0000000016680000)]
  0x00000000112b9800 JavaThread "elasticsearch[Crime Master][http_server_worker][T#7]{New I/O worker #7}" daemon [_thread_in_native, id=6292, stack(0x0000000016a00000,0x0000000016b00000)]
  0x00000000112b9000 JavaThread "elasticsearch[Crime Master][http_server_worker][T#6]{New I/O worker #6}" daemon [_thread_in_native, id=10164, stack(0x0000000016890000,0x0000000016990000)]
  0x00000000112b8000 JavaThread "elasticsearch[Crime Master][http_server_worker][T#5]{New I/O worker #5}" daemon [_thread_in_native, id=7952, stack(0x00000000166d0000,0x00000000167d0000)]
  0x00000000112b7800 JavaThread "elasticsearch[Crime Master][http_server_worker][T#4]{New I/O worker #4}" daemon [_thread_in_native, id=6412, stack(0x0000000016470000,0x0000000016570000)]
  0x0000000011be0000 JavaThread "elasticsearch[Crime Master][http_server_worker][T#3]{New I/O worker #3}" daemon [_thread_in_native, id=1128, stack(0x0000000016280000,0x0000000016380000)]
  0x0000000011bdf000 JavaThread "elasticsearch[Crime Master][http_server_worker][T#2]{New I/O worker #2}" daemon [_thread_in_native, id=7480, stack(0x0000000016080000,0x0000000016180000)]
  0x0000000011bde800 JavaThread "elasticsearch[Crime Master][http_server_worker][T#1]{New I/O worker #1}" daemon [_thread_in_native, id=1148, stack(0x0000000015f70000,0x0000000016070000)]
  0x0000000011bdd800 JavaThread "elasticsearch[Crime Master][local_transport][T#2]" daemon [_thread_blocked, id=6872, stack(0x0000000015db0000,0x0000000015eb0000)]
  0x0000000011bdc000 JavaThread "elasticsearch[Crime Master][local_transport][T#1]" daemon [_thread_blocked, id=6916, stack(0x0000000015c70000,0x0000000015d70000)]
  0x0000000011bdb800 JavaThread "elasticsearch[Crime Master][management][T#1]" daemon [_thread_blocked, id=6864, stack(0x0000000015af0000,0x0000000015bf0000)]
  0x0000000011bda000 JavaThread "elasticsearch[Crime Master][clusterService#updateTask][T#1]" daemon [_thread_blocked, id=9600, stack(0x0000000015780000,0x0000000015880000)]
  0x0000000011bd9000 JavaThread "elasticsearch[Crime Master][[ttl_expire]]" daemon [_thread_blocked, id=8724, stack(0x0000000015540000,0x0000000015640000)]
  0x00000000103d4800 JavaThread "elasticsearch[Crime Master][scheduler][T#1]" daemon [_thread_blocked, id=1904, stack(0x0000000015310000,0x0000000015410000)]
  0x00000000103d3800 JavaThread "elasticsearch[Crime Master][[timer]]" daemon [_thread_blocked, id=7936, stack(0x00000000137b0000,0x00000000138b0000)]
  0x00000000103d3000 JavaThread "Camunda Metrics Reporter" daemon [_thread_blocked, id=6360, stack(0x0000000010960000,0x0000000010a60000)]
  0x00000000103d1800 JavaThread "net.sf.ehcache.CacheManager@57e8d4a6" daemon [_thread_blocked, id=8072, stack(0x0000000013b70000,0x0000000013c70000)]
  0x00000000103d0800 JavaThread "org.apoiasuas.seguranca.Papel.data" daemon [_thread_blocked, id=7760, stack(0x000000000e670000,0x000000000e770000)]
  0x00000000103d0000 JavaThread "net.sf.ehcache.CacheManager@d6f5572" daemon [_thread_blocked, id=5612, stack(0x0000000013440000,0x0000000013540000)]
  0x00000000103cf000 JavaThread "PoolCleaner[2088961572:1517708082404]" daemon [_thread_blocked, id=9004, stack(0x0000000013680000,0x0000000013780000)]
  0x000000000fb8c000 JavaThread "FileSystemWatcher: files=#1284 cl=java.net.URLClassLoader@37eb240f" daemon [_thread_blocked, id=5692, stack(0x0000000011d70000,0x0000000011e70000)]
  0x0000000011359800 JavaThread "FileSystemWatcher: files=#6 cl=groovy.lang.GroovyClassLoader@48835ac" daemon [_thread_blocked, id=8028, stack(0x0000000010a60000,0x0000000010b60000)]
  0x00000000110e3800 JavaThread "FileSystemWatcher: files=#6 cl=groovy.lang.GroovyClassLoader@60b5c270" daemon [_thread_blocked, id=7468, stack(0x0000000010850000,0x0000000010950000)]
  0x000000000a81f000 JavaThread "NonBlockingInputStreamThread" daemon [_thread_blocked, id=5044, stack(0x000000000bf50000,0x000000000c050000)]
  0x000000000a5d8000 JavaThread "Service Thread" daemon [_thread_blocked, id=8968, stack(0x000000000c2b0000,0x000000000c3b0000)]
  0x000000000a5db000 JavaThread "C2 CompilerThread1" daemon [_thread_blocked, id=8496, stack(0x000000000c720000,0x000000000c820000)]
  0x000000000a5e0000 JavaThread "C2 CompilerThread0" daemon [_thread_blocked, id=9476, stack(0x000000000c530000,0x000000000c630000)]
  0x000000000a58c000 JavaThread "JDWP Command Reader" daemon [_thread_in_native, id=4588, stack(0x000000000c3f0000,0x000000000c4f0000)]
  0x000000000a587000 JavaThread "JDWP Event Helper Thread" daemon [_thread_blocked, id=4592, stack(0x000000000c1b0000,0x000000000c2b0000)]
  0x000000000a575000 JavaThread "JDWP Transport Listener: dt_socket" daemon [_thread_blocked, id=9952, stack(0x000000000c080000,0x000000000c180000)]
  0x00000000094da800 JavaThread "Attach Listener" daemon [_thread_blocked, id=6728, stack(0x000000000b820000,0x000000000b920000)]
  0x00000000094d9800 JavaThread "Signal Dispatcher" daemon [_thread_blocked, id=9556, stack(0x000000000b9d0000,0x000000000bad0000)]
  0x00000000094c1000 JavaThread "Finalizer" daemon [_thread_blocked, id=9540, stack(0x000000000b720000,0x000000000b820000)]
  0x00000000021b7800 JavaThread "Reference Handler" daemon [_thread_blocked, id=8200, stack(0x000000000b5a0000,0x000000000b6a0000)]
  0x000000000212c000 JavaThread "main" [_thread_blocked, id=7112, stack(0x00000000023c0000,0x00000000024c0000)]

Other Threads:
  0x00000000094bd800 VMThread [stack: 0x000000000b480000,0x000000000b580000] [id=8476]
  0x000000000a5f9800 WatcherThread [stack: 0x000000000c850000,0x000000000c950000] [id=9052]

VM state:not at safepoint (normal execution)

VM Mutex/Monitor currently owned by a thread: None

Heap
 PSYoungGen      total 285696K, used 243466K [0x00000000eb280000, 0x00000000ffd80000, 0x0000000100000000)
  eden space 233472K, 90% used [0x00000000eb280000,0x00000000f80ef1e8,0x00000000f9680000)
  from space 52224K, 61% used [0x00000000fca80000,0x00000000fe9d3698,0x00000000ffd80000)
  to   space 52736K, 0% used [0x00000000f9680000,0x00000000f9680000,0x00000000fca00000)
 ParOldGen       total 375808K, used 362702K [0x00000000c1800000, 0x00000000d8700000, 0x00000000eb280000)
  object space 375808K, 96% used [0x00000000c1800000,0x00000000d7a33a10,0x00000000d8700000)
 PSPermGen       total 198656K, used 180757K [0x00000000aec00000, 0x00000000bae00000, 0x00000000c1800000)
  object space 198656K, 90% used [0x00000000aec00000,0x00000000b9c85738,0x00000000bae00000)

Card table byte_map: [0x00000000055c0000,0x0000000005850000] byte_map_base: 0x000000000504a000

Polling page: 0x0000000000250000

Code Cache  [0x00000000025c0000, 0x00000000032a0000, 0x00000000055c0000)
 total_blobs=4126 nmethods=3229 adapters=856 free_code_cache=36347Kb largest_free_block=36895680

Compilation events (10 events):
Event: 1050.158 Thread 0x000000000a5e0000 nmethod 3855% 0x00000000028d6710 code [0x00000000028d68c0, 0x00000000028d73d0]
Event: 1050.159 Thread 0x000000000a5db000 nmethod 3854 0x00000000028d83d0 code [0x00000000028d8660, 0x00000000028d91c0]
Event: 1050.159 Thread 0x000000000a5db000 3856 %           java.util.regex.Pattern::atom @ 12 (378 bytes)
Event: 1050.176 Thread 0x000000000a5db000 nmethod 3856% 0x0000000003191950 code [0x0000000003191da0, 0x0000000003192e60]
Event: 1050.400 Thread 0x000000000a5e0000 3857             java.util.regex.Pattern::atom (378 bytes)
Event: 1050.415 Thread 0x000000000a5e0000 nmethod 3857 0x000000000318fb50 code [0x000000000318ffa0, 0x0000000003190e50]
Event: 1050.422 Thread 0x000000000a5db000 3858             org.grails.datastore.gorm.support.EventTriggerCaller::resolveMetaMethodCaller (70 bytes)
Event: 1050.434 Thread 0x000000000a5db000 nmethod 3858 0x00000000030a8a90 code [0x00000000030a8c40, 0x00000000030a9568]
Event: 1050.509 Thread 0x000000000a5e0000 3859 %           java.util.regex.Pattern::sequence @ 7 (553 bytes)
Event: 1050.530 Thread 0x000000000a5e0000 nmethod 3859% 0x0000000002d46750 code [0x0000000002d469e0, 0x0000000002d47d38]

GC Heap History (10 events):
Event: 75.538 GC heap before
{Heap before GC invocations=103 (full 3):
 PSYoungGen      total 281088K, used 263138K [0x00000000eb280000, 0x00000000fff00000, 0x0000000100000000)
  eden space 221696K, 100% used [0x00000000eb280000,0x00000000f8b00000,0x00000000f8b00000)
  from space 59392K, 69% used [0x00000000f8b00000,0x00000000fb378950,0x00000000fc500000)
  to   space 58880K, 0% used [0x00000000fc580000,0x00000000fc580000,0x00000000fff00000)
 ParOldGen       total 375808K, used 345577K [0x00000000c1800000, 0x00000000d8700000, 0x00000000eb280000)
  object space 375808K, 91% used [0x00000000c1800000,0x00000000d697a690,0x00000000d8700000)
 PSPermGen       total 198656K, used 178679K [0x00000000aec00000, 0x00000000bae00000, 0x00000000c1800000)
  object space 198656K, 89% used [0x00000000aec00000,0x00000000b9a7dc40,0x00000000bae00000)
Event: 75.562 GC heap after
Heap after GC invocations=103 (full 3):
 PSYoungGen      total 280576K, used 39661K [0x00000000eb280000, 0x00000000ffd80000, 0x0000000100000000)
  eden space 223232K, 0% used [0x00000000eb280000,0x00000000eb280000,0x00000000f8c80000)
  from space 57344K, 69% used [0x00000000fc580000,0x00000000fec3b790,0x00000000ffd80000)
  to   space 57856K, 0% used [0x00000000f8c80000,0x00000000f8c80000,0x00000000fc500000)
 ParOldGen       total 375808K, used 349827K [0x00000000c1800000, 0x00000000d8700000, 0x00000000eb280000)
  object space 375808K, 93% used [0x00000000c1800000,0x00000000d6da0da8,0x00000000d8700000)
 PSPermGen       total 198656K, used 178679K [0x00000000aec00000, 0x00000000bae00000, 0x00000000c1800000)
  object space 198656K, 89% used [0x00000000aec00000,0x00000000b9a7dc40,0x00000000bae00000)
}
Event: 76.286 GC heap before
{Heap before GC invocations=104 (full 3):
 PSYoungGen      total 280576K, used 262893K [0x00000000eb280000, 0x00000000ffd80000, 0x0000000100000000)
  eden space 223232K, 100% used [0x00000000eb280000,0x00000000f8c80000,0x00000000f8c80000)
  from space 57344K, 69% used [0x00000000fc580000,0x00000000fec3b790,0x00000000ffd80000)
  to   space 57856K, 0% used [0x00000000f8c80000,0x00000000f8c80000,0x00000000fc500000)
 ParOldGen       total 375808K, used 349827K [0x00000000c1800000, 0x00000000d8700000, 0x00000000eb280000)
  object space 375808K, 93% used [0x00000000c1800000,0x00000000d6da0da8,0x00000000d8700000)
 PSPermGen       total 198656K, used 178946K [0x00000000aec00000, 0x00000000bae00000, 0x00000000c1800000)
  object space 198656K, 90% used [0x00000000aec00000,0x00000000b9ac0b58,0x00000000bae00000)
Event: 76.308 GC heap after
Heap after GC invocations=104 (full 3):
 PSYoungGen      total 281088K, used 36405K [0x00000000eb280000, 0x00000000ffc80000, 0x0000000100000000)
  eden space 223232K, 0% used [0x00000000eb280000,0x00000000eb280000,0x00000000f8c80000)
  from space 57856K, 62% used [0x00000000f8c80000,0x00000000fb00d7b8,0x00000000fc500000)
  to   space 55808K, 0% used [0x00000000fc600000,0x00000000fc600000,0x00000000ffc80000)
 ParOldGen       total 375808K, used 353987K [0x00000000c1800000, 0x00000000d8700000, 0x00000000eb280000)
  object space 375808K, 94% used [0x00000000c1800000,0x00000000d71b0dc8,0x00000000d8700000)
 PSPermGen       total 198656K, used 178946K [0x00000000aec00000, 0x00000000bae00000, 0x00000000c1800000)
  object space 198656K, 90% used [0x00000000aec00000,0x00000000b9ac0b58,0x00000000bae00000)
}
Event: 76.834 GC heap before
{Heap before GC invocations=105 (full 3):
 PSYoungGen      total 281088K, used 259637K [0x00000000eb280000, 0x00000000ffc80000, 0x0000000100000000)
  eden space 223232K, 100% used [0x00000000eb280000,0x00000000f8c80000,0x00000000f8c80000)
  from space 57856K, 62% used [0x00000000f8c80000,0x00000000fb00d7b8,0x00000000fc500000)
  to   space 55808K, 0% used [0x00000000fc600000,0x00000000fc600000,0x00000000ffc80000)
 ParOldGen       total 375808K, used 353987K [0x00000000c1800000, 0x00000000d8700000, 0x00000000eb280000)
  object space 375808K, 94% used [0x00000000c1800000,0x00000000d71b0dc8,0x00000000d8700000)
 PSPermGen       total 198656K, used 179416K [0x00000000aec00000, 0x00000000bae00000, 0x00000000c1800000)
  object space 198656K, 90% used [0x00000000aec00000,0x00000000b9b36058,0x00000000bae00000)
Event: 76.857 GC heap after
Heap after GC invocations=105 (full 3):
 PSYoungGen      total 282112K, used 34432K [0x00000000eb280000, 0x00000000ffb00000, 0x0000000100000000)
  eden space 227840K, 0% used [0x00000000eb280000,0x00000000eb280000,0x00000000f9100000)
  from space 54272K, 63% used [0x00000000fc600000,0x00000000fe7a0268,0x00000000ffb00000)
  to   space 54272K, 0% used [0x00000000f9100000,0x00000000f9100000,0x00000000fc600000)
 ParOldGen       total 375808K, used 357648K [0x00000000c1800000, 0x00000000d8700000, 0x00000000eb280000)
  object space 375808K, 95% used [0x00000000c1800000,0x00000000d75442b0,0x00000000d8700000)
 PSPermGen       total 198656K, used 179416K [0x00000000aec00000, 0x00000000bae00000, 0x00000000c1800000)
  object space 198656K, 90% used [0x00000000aec00000,0x00000000b9b36058,0x00000000bae00000)
}
Event: 77.372 GC heap before
{Heap before GC invocations=106 (full 3):
 PSYoungGen      total 282112K, used 262272K [0x00000000eb280000, 0x00000000ffb00000, 0x0000000100000000)
  eden space 227840K, 100% used [0x00000000eb280000,0x00000000f9100000,0x00000000f9100000)
  from space 54272K, 63% used [0x00000000fc600000,0x00000000fe7a0268,0x00000000ffb00000)
  to   space 54272K, 0% used [0x00000000f9100000,0x00000000f9100000,0x00000000fc600000)
 ParOldGen       total 375808K, used 357648K [0x00000000c1800000, 0x00000000d8700000, 0x00000000eb280000)
  object space 375808K, 95% used [0x00000000c1800000,0x00000000d75442b0,0x00000000d8700000)
 PSPermGen       total 198656K, used 179594K [0x00000000aec00000, 0x00000000bae00000, 0x00000000c1800000)
  object space 198656K, 90% used [0x00000000aec00000,0x00000000b9b629d8,0x00000000bae00000)
Event: 77.394 GC heap after
Heap after GC invocations=106 (full 3):
 PSYoungGen      total 282112K, used 30442K [0x00000000eb280000, 0x00000000fff00000, 0x0000000100000000)
  eden space 227840K, 0% used [0x00000000eb280000,0x00000000eb280000,0x00000000f9100000)
  from space 54272K, 56% used [0x00000000f9100000,0x00000000faebaa30,0x00000000fc600000)
  to   space 53760K, 0% used [0x00000000fca80000,0x00000000fca80000,0x00000000fff00000)
 ParOldGen       total 375808K, used 362310K [0x00000000c1800000, 0x00000000d8700000, 0x00000000eb280000)
  object space 375808K, 96% used [0x00000000c1800000,0x00000000d79d1a88,0x00000000d8700000)
 PSPermGen       total 198656K, used 179594K [0x00000000aec00000, 0x00000000bae00000, 0x00000000c1800000)
  object space 198656K, 90% used [0x00000000aec00000,0x00000000b9b629d8,0x00000000bae00000)
}
Event: 1050.307 GC heap before
{Heap before GC invocations=107 (full 3):
 PSYoungGen      total 282112K, used 249915K [0x00000000eb280000, 0x00000000fff00000, 0x0000000100000000)
  eden space 227840K, 96% used [0x00000000eb280000,0x00000000f88d4300,0x00000000f9100000)
  from space 54272K, 56% used [0x00000000f9100000,0x00000000faebaa30,0x00000000fc600000)
  to   space 53760K, 0% used [0x00000000fca80000,0x00000000fca80000,0x00000000fff00000)
 ParOldGen       total 375808K, used 362310K [0x00000000c1800000, 0x00000000d8700000, 0x00000000eb280000)
  object space 375808K, 96% used [0x00000000c1800000,0x00000000d79d1a88,0x00000000d8700000)
 PSPermGen       total 198656K, used 180288K [0x00000000aec00000, 0x00000000bae00000, 0x00000000c1800000)
  object space 198656K, 90% used [0x00000000aec00000,0x00000000b9c10088,0x00000000bae00000)
Event: 1050.328 GC heap after
Heap after GC invocations=107 (full 3):
 PSYoungGen      total 285696K, used 32077K [0x00000000eb280000, 0x00000000ffd80000, 0x0000000100000000)
  eden space 233472K, 0% used [0x00000000eb280000,0x00000000eb280000,0x00000000f9680000)
  from space 52224K, 61% used [0x00000000fca80000,0x00000000fe9d3698,0x00000000ffd80000)
  to   space 52736K, 0% used [0x00000000f9680000,0x00000000f9680000,0x00000000fca00000)
 ParOldGen       total 375808K, used 362702K [0x00000000c1800000, 0x00000000d8700000, 0x00000000eb280000)
  object space 375808K, 96% used [0x00000000c1800000,0x00000000d7a33a10,0x00000000d8700000)
 PSPermGen       total 198656K, used 180288K [0x00000000aec00000, 0x00000000bae00000, 0x00000000c1800000)
  object space 198656K, 90% used [0x00000000aec00000,0x00000000b9c10088,0x00000000bae00000)
}

Deoptimization events (10 events):
Event: 179.994 Thread 0x0000000012738800 Uncommon trap: reason=class_check action=maybe_recompile pc=0x0000000002fdd0e8 method=org.codehaus.groovy.grails.commons.spring.OptimizedAutowireCapableBeanFactory.resolveAutowireablePropertyDescriptorsForClass(Ljava/lang/Class;Ljava/util/concurrent/Callab3~±1˛ˇm@
Event: 240.000 Thread 0x0000000012738800 Uncommon trap: reason=class_check action=maybe_recompile pc=0x0000000002fdd0e8 method=org.codehaus.groovy.grails.commons.spring.OptimizedAutowireCapableBeanFactory.resolveAutowireablePropertyDescriptorsForClass(Ljava/lang/Class;Ljava/util/concurrent/CallabBÌ#¿r@
Event: 300.005 Thread 0x0000000012738800 Uncommon trap: reason=class_check action=maybe_recompile pc=0x0000000002fdd0e8 method=org.codehaus.groovy.grails.commons.spring.OptimizedAutowireCapableBeanFactory.resolveAutowireablePropertyDescriptorsForClass(Ljava/lang/Class;Ljava/util/concurrent/Callab¥„˘oîhê@
Event: 1050.145 Thread 0x0000000014645000 Uncommon trap: reason=unreached action=reinterpret pc=0x00000000029f4218 method=java.util.concurrent.ConcurrentLinkedQueue.poll()Ljava/lang/Object; @ 61
Event: 1050.145 Thread 0x0000000014645000 Uncommon trap: reason=unreached action=reinterpret pc=0x0000000002b78384 method=java.util.concurrent.ConcurrentLinkedQueue.updateHead(Ljava/util/concurrent/ConcurrentLinkedQueue$Node;Ljava/util/concurrent/ConcurrentLinkedQueue$Node;)V @ 2
Event: 1050.328 Thread 0x00000000021b7800 Uncommon trap: reason=unreached action=reinterpret pc=0x00000000029f36ec method=java.lang.ref.Reference$ReferenceHandler.run()V @ 74
Event: 1050.455 Thread 0x0000000014645000 Uncommon trap: reason=class_check action=maybe_recompile pc=0x00000000030a3154 method=org.codehaus.groovy.runtime.typehandling.DefaultTypeTransformation.compareToWithEqualityCheck(Ljava/lang/Object;Ljava/lang/Object;Z)I @ 41
Event: 1050.455 Thread 0x0000000014645000 Uncommon trap: reason=class_check action=maybe_recompile pc=0x00000000030a3154 method=org.codehaus.groovy.runtime.typehandling.DefaultTypeTransformation.compareToWithEqualityCheck(Ljava/lang/Object;Ljava/lang/Object;Z)I @ 41
Event: 1050.455 Thread 0x0000000014645000 Uncommon trap: reason=class_check action=maybe_recompile pc=0x00000000030a3154 method=org.codehaus.groovy.runtime.typehandling.DefaultTypeTransformation.compareToWithEqualityCheck(Ljava/lang/Object;Ljava/lang/Object;Z)I @ 41
Event: 1050.455 Thread 0x0000000014645000 Uncommon trap: reason=class_check action=maybe_recompile pc=0x00000000030a3154 method=org.codehaus.groovy.runtime.typehandling.DefaultTypeTransformation.compareToWithEqualityCheck(Ljava/lang/Object;Ljava/lang/Object;Z)I @ 41

Internal exceptions (10 events):
Event: 1050.601 Thread 0x0000000014645000 Threw 0x00000000f808a6f0 at C:\re\jdk7u75\1940\hotspot\src\share\vm\prims\jvm.cpp:1281
Event: 1050.601 Thread 0x0000000014645000 Threw 0x00000000f808b670 at C:\re\jdk7u75\1940\hotspot\src\share\vm\prims\jvm.cpp:1281
Event: 1050.601 Thread 0x0000000014645000 Threw 0x00000000f808cd40 at C:\re\jdk7u75\1940\hotspot\src\share\vm\prims\jvm.cpp:1281
Event: 1050.601 Thread 0x0000000014645000 Threw 0x00000000f8092738 at C:\re\jdk7u75\1940\hotspot\src\share\vm\prims\jvm.cpp:1281
Event: 1050.601 Thread 0x0000000014645000 Threw 0x00000000f80c90b8 at C:\re\jdk7u75\1940\hotspot\src\share\vm\prims\jvm.cpp:1281
Event: 1050.601 Thread 0x0000000014645000 Threw 0x00000000f80c9ff8 at C:\re\jdk7u75\1940\hotspot\src\share\vm\prims\jvm.cpp:1281
Event: 1050.602 Thread 0x0000000014645000 Threw 0x00000000f80cb6c8 at C:\re\jdk7u75\1940\hotspot\src\share\vm\prims\jvm.cpp:1281
Event: 1050.602 Thread 0x0000000014645000 Threw 0x00000000f80d10c0 at C:\re\jdk7u75\1940\hotspot\src\share\vm\prims\jvm.cpp:1281
Event: 1050.602 Thread 0x0000000014645000 Threw 0x00000000f80d65a8 at C:\re\jdk7u75\1940\hotspot\src\share\vm\prims\jvm.cpp:1281
Event: 1050.602 Thread 0x0000000014645000 Threw 0x00000000f80d7610 at C:\re\jdk7u75\1940\hotspot\src\share\vm\classfile\systemDictionary.cpp:185

Events (10 events):
Event: 1050.602 Thread 0x0000000014645000 DEOPT PACKING pc=0x00000000028db9a4 sp=0x0000000010c99740
Event: 1050.602 Thread 0x0000000014645000 DEOPT UNPACKING pc=0x00000000025f8eb9 sp=0x0000000010c99488 mode 1
Event: 1050.602 Thread 0x0000000014645000 DEOPT PACKING pc=0x0000000002b81ef8 sp=0x0000000010c99570
Event: 1050.602 Thread 0x0000000014645000 DEOPT UNPACKING pc=0x00000000025f8eb9 sp=0x0000000010c99298 mode 1
Event: 1050.602 Thread 0x0000000014645000 DEOPT PACKING pc=0x0000000003023f6c sp=0x0000000010c99630
Event: 1050.602 Thread 0x0000000014645000 DEOPT UNPACKING pc=0x00000000025f8eb9 sp=0x0000000010c992a8 mode 1
Event: 1050.602 Thread 0x0000000014645000 DEOPT PACKING pc=0x00000000028d4398 sp=0x0000000010c99870
Event: 1050.602 Thread 0x0000000014645000 DEOPT UNPACKING pc=0x00000000025f8eb9 sp=0x0000000010c99590 mode 1
Event: 1050.602 loading class 0x000000001a2e3040
Event: 1050.602 loading class 0x000000001a2e3040 done


Dynamic libraries:
0x000000013f370000 - 0x000000013f3a3000 	C:\java\jdk1.7.0-64bits\bin\java.exe
0x0000000076f30000 - 0x00000000770d9000 	C:\Windows\SYSTEM32\ntdll.dll
0x000007fef8050000 - 0x000007fef8084000 	C:\Program Files\AVAST Software\Avast\x64\aswhooka.dll
0x0000000076e10000 - 0x0000000076f2f000 	C:\Windows\system32\kernel32.dll
0x000007fefcf50000 - 0x000007fefcfbb000 	C:\Windows\system32\KERNELBASE.dll
0x000007fefe650000 - 0x000007fefe72b000 	C:\Windows\system32\ADVAPI32.dll
0x000007fefe780000 - 0x000007fefe81f000 	C:\Windows\system32\msvcrt.dll
0x000007feff220000 - 0x000007feff23f000 	C:\Windows\SYSTEM32\sechost.dll
0x000007fefe1b0000 - 0x000007fefe2dd000 	C:\Windows\system32\RPCRT4.dll
0x0000000076d10000 - 0x0000000076e0a000 	C:\Windows\system32\USER32.dll
0x000007feff1b0000 - 0x000007feff217000 	C:\Windows\system32\GDI32.dll
0x000007fefd260000 - 0x000007fefd26e000 	C:\Windows\system32\LPK.dll
0x000007fefe820000 - 0x000007fefe8e9000 	C:\Windows\system32\USP10.dll
0x000007fefb8e0000 - 0x000007fefbad4000 	C:\Windows\WinSxS\amd64_microsoft.windows.common-controls_6595b64144ccf1df_6.0.7601.17514_none_fa396087175ac9ac\COMCTL32.dll
0x000007fefe130000 - 0x000007fefe1a1000 	C:\Windows\system32\SHLWAPI.dll
0x000007fefe440000 - 0x000007fefe46e000 	C:\Windows\system32\IMM32.DLL
0x000007fefe020000 - 0x000007fefe129000 	C:\Windows\system32\MSCTF.dll
0x0000000068a30000 - 0x0000000068b02000 	C:\java\jdk1.7.0-64bits\jre\bin\msvcr100.dll
0x0000000054f00000 - 0x00000000556d4000 	C:\java\jdk1.7.0-64bits\jre\bin\server\jvm.dll
0x000007fef8600000 - 0x000007fef8609000 	C:\Windows\system32\WSOCK32.dll
0x000007fefe730000 - 0x000007fefe77d000 	C:\Windows\system32\WS2_32.dll
0x000007fefd250000 - 0x000007fefd258000 	C:\Windows\system32\NSI.dll
0x000007fefaac0000 - 0x000007fefaafb000 	C:\Windows\system32\WINMM.dll
0x00000000770f0000 - 0x00000000770f7000 	C:\Windows\system32\PSAPI.DLL
0x0000000068a20000 - 0x0000000068a2f000 	C:\java\jdk1.7.0-64bits\jre\bin\verify.dll
0x00000000689f0000 - 0x0000000068a18000 	C:\java\jdk1.7.0-64bits\jre\bin\java.dll
0x00000000689b0000 - 0x00000000689e5000 	C:\java\jdk1.7.0-64bits\jre\bin\jdwp.dll
0x00000000689a0000 - 0x00000000689a8000 	C:\java\jdk1.7.0-64bits\jre\bin\npt.dll
0x0000000068970000 - 0x0000000068993000 	C:\java\jdk1.7.0-64bits\jre\bin\instrument.dll
0x0000000068950000 - 0x0000000068965000 	C:\java\jdk1.7.0-64bits\jre\bin\zip.dll
0x0000000068940000 - 0x0000000068949000 	C:\java\jdk1.7.0-64bits\jre\bin\dt_socket.dll
0x000007fefc6b0000 - 0x000007fefc705000 	C:\Windows\system32\mswsock.dll
0x000007fefc040000 - 0x000007fefc047000 	C:\Windows\System32\wshtcpip.dll
0x000007fefc710000 - 0x000007fefc727000 	C:\Windows\system32\CRYPTSP.dll
0x000007fefc410000 - 0x000007fefc457000 	C:\Windows\system32\rsaenh.dll
0x000007fefc180000 - 0x000007fefc19e000 	C:\Windows\system32\USERENV.dll
0x000007fefce80000 - 0x000007fefce8f000 	C:\Windows\system32\profapi.dll
0x000007fefcdb0000 - 0x000007fefcdbf000 	C:\Windows\system32\CRYPTBASE.dll
0x0000000068920000 - 0x0000000068939000 	C:\java\jdk1.7.0-64bits\jre\bin\net.dll
0x000007fefc6a0000 - 0x000007fefc6a7000 	C:\Windows\System32\wship6.dll
0x000007fef9980000 - 0x000007fef99a7000 	C:\Windows\system32\IPHLPAPI.DLL
0x000007fef9970000 - 0x000007fef997b000 	C:\Windows\system32\WINNSI.DLL
0x000007fef98a0000 - 0x000007fef98b1000 	C:\Windows\system32\dhcpcsvc6.DLL
0x000007fef9880000 - 0x000007fef9898000 	C:\Windows\system32\dhcpcsvc.DLL
0x0000000068900000 - 0x0000000068911000 	C:\java\jdk1.7.0-64bits\jre\bin\nio.dll
0x000007fefa550000 - 0x000007fefa55a000 	C:\Users\clessio\AppData\Local\Temp\jansi-64-4148323273920346447.dll
0x00000000688d0000 - 0x00000000688f4000 	C:\java\jdk1.7.0-64bits\jre\bin\sunec.dll
0x00000000688c0000 - 0x00000000688cb000 	C:\java\jdk1.7.0-64bits\jre\bin\sunmscapi.dll
0x000007fefd060000 - 0x000007fefd1c7000 	C:\Windows\system32\CRYPT32.dll
0x000007fefcf20000 - 0x000007fefcf2f000 	C:\Windows\system32\MSASN1.dll
0x000007fefc530000 - 0x000007fefc58b000 	C:\Windows\system32\DNSAPI.dll
0x000007fef60d0000 - 0x000007fef60ff000 	C:\Program Files\Common Files\Microsoft Shared\Windows Live\WLIDNSP.DLL
0x000007fef5c00000 - 0x000007fef5c08000 	C:\Windows\system32\rasadhlp.dll
0x000007fef97f0000 - 0x000007fef9843000 	C:\Windows\System32\fwpuclnt.dll
0x000007fefab30000 - 0x000007fefab45000 	C:\Windows\system32\NLAapi.dll
0x000007fef4db0000 - 0x000007fef4dc5000 	C:\Windows\system32\napinsp.dll
0x000007fef4d90000 - 0x000007fef4da9000 	C:\Windows\system32\pnrpnsp.dll
0x000007fef4d80000 - 0x000007fef4d8b000 	C:\Windows\System32\winrnr.dll
0x000007fef4d70000 - 0x000007fef4d80000 	C:\Windows\system32\wshbth.dll
0x0000000068740000 - 0x000000006874b000 	C:\java\jdk1.7.0-64bits\jre\bin\management.dll
0x000007fef4ff0000 - 0x000007fef503e000 	C:\Windows\system32\pdh.dll
0x000007fefb400000 - 0x000007fefb42d000 	C:\Windows\system32\ntmarta.dll
0x000007fefe5f0000 - 0x000007fefe642000 	C:\Windows\system32\WLDAP32.dll
0x000007fee7c70000 - 0x000007fee7c7b000 	C:\Windows\System32\perfos.dll
0x000007fef97a0000 - 0x000007fef97ae000 	C:\Windows\System32\perfproc.dll
0x0000000180000000 - 0x0000000180038000 	C:\Users\clessio\AppData\Local\Temp\jna-857314978\jna4190618162852445119.dll

VM Arguments:
jvm_args: -agentlib:jdwp=transport=dt_socket,address=127.0.0.1:52709,suspend=y,server=n -Dvisualvm.id=7730137736279 -Dgrails.home=C:\java\grails-2.5.4 -Dbase.dir=C:\Dropbox\develop\apoiasuas -Dtools.jar=C:\java\jdk1.7.0-64bits\lib\tools.jar -Dgroovy.starter.conf=C:\java\grails-2.5.4/conf/groovy-starter.conf -XX:MaxPermSize=300m -Xmx1000m -Duser.timezone=America/Sao_Paulo -Dorg.apache.catalina.session.StandardSession.ACTIVITY_CHECK=true -Dorg.apache.catalina.session.StandardSession.LAST_ACCESS_AT_START=false -Dorg.apoiasuas.datasource=local_postgres -Dorg.apoiasuas.sabotagem=true -Dorg.apoiasuas.recriarBD=false -Djline.WindowsTerminal.directConsole=false -javaagent:C:\java\grails-2.5.4\lib\org.springframework\springloaded\jars\springloaded-1.2.4.RELEASE.jar -Xverify:none -Dspringloaded=profile=grails;cacheDir=C:\java\grails-2.5.4 -Dfile.encoding=UTF-8 
java_command: org.codehaus.groovy.grails.cli.support.GrailsStarter --main org.codehaus.groovy.grails.cli.GrailsScriptRunner --conf C:\java\grails-2.5.4/conf/groovy-starter.conf run-app --stacktrace --verbose -plain-output
Launcher Type: SUN_STANDARD

Environment Variables:
JAVA_HOME=C:\java\jdk1.7.0-64bits
PATH=C:\Program Files\Common Files\Microsoft Shared\Windows Live;C:\Program Files (x86)\Common Files\Microsoft Shared\Windows Live;C:\ProgramData\Oracle\Java\javapath;C:\Program Files (x86)\AMD APP\bin\x86_64;C:\Program Files (x86)\AMD APP\bin\x86;C:\Windows\system32;C:\Windows;C:\Windows\System32\Wbem;C:\Windows\System32\WindowsPowerShell\v1.0\;c:\postgres9\bin;C:\java\git\cmd;C:\java\grails-2.5.4\bin;C:\Program Files (x86)\Windows Live\Shared;C:\Program Files\nodejs\;C:\Users\clessio\AppData\Roaming\npm
USERNAME=clessio
OS=Windows_NT
PROCESSOR_IDENTIFIER=AMD64 Family 21 Model 2 Stepping 0, AuthenticAMD



---------------  S Y S T E M  ---------------

OS: Windows 7 , 64 bit Build 7601 Service Pack 1

CPU:total 8 (8 cores per cpu, 1 threads per core) family 21 model 2 stepping 0, cmov, cx8, fxsr, mmx, sse, sse2, sse3, ssse3, sse4.1, sse4.2, popcnt, avx, aes, mmxext, 3dnowpref, lzcnt, sse4a, tsc, tscinvbit, tscinv

Memory: 4k page, physical 8316692k(2007032k free), swap 16631536k(9786532k free)

vm_info: Java HotSpot(TM) 64-Bit Server VM (24.75-b04) for windows-amd64 JRE (1.7.0_75-b13), built on Dec 18 2014 17:15:01 by "java_re" with unknown MS VC++:1600

time: Sat Feb 03 23:51:37 2018
elapsed time: 1050 seconds

