#
# A fatal error has been detected by the Java Runtime Environment:
#
#  EXCEPTION_ACCESS_VIOLATION (0xc0000005) at pc=0x000000005a484be2, pid=7976, tid=7372
#
# JRE version: Java(TM) SE Runtime Environment (8.0-b132) (build 1.8.0-b132)
# Java VM: Java HotSpot(TM) 64-Bit Server VM (25.0-b70 mixed mode windows-amd64 compressed oops)
# Problematic frame:
# V  [jvm.dll+0x424be2]
#
# Failed to write core dump. Minidumps are not enabled by default on client versions of Windows
#
# If you would like to submit a bug report, please visit:
#   http://bugreport.sun.com/bugreport/crash.jsp
#

---------------  T H R E A D  ---------------

Current thread (0x0000000055b3b800):  JavaThread "C2 CompilerThread1" daemon [_thread_in_native, id=7372, stack(0x0000000056250000,0x0000000056350000)]

siginfo: ExceptionCode=0xc0000005, reading address 0x0000000000000000

Registers:
RAX=0x000000005af5b868, RBX=0x0000000000000600, RCX=0x0000000000000000, RDX=0x000000005b1e32c0
RSP=0x000000005634c220, RBP=0x00000000000000c0, RSI=0x00000000000000b8, RDI=0x0000000000000000
R8 =0x000000005a060000, R9 =0x000000005634c540, R10=0x00000000ffffffff, R11=0x0000000055b6f6c0
R12=0x000000005af5bf70, R13=0x000000005ad12e88, R14=0x0000000000000008, R15=0x000000005ad12e88
RIP=0x000000005a484be2, EFLAGS=0x0000000000010206

Top of Stack: (sp=0x000000005634c220)
0x000000005634c220:   00000000000000da 00000000000000b0
0x000000005634c230:   000000000000000a 000000005cef0690
0x000000005634c240:   0000000000000001 0000000000000600
0x000000005634c250:   0000000000000180 00000000000000c0
0x000000005634c260:   00000000571b57d0 0000000055b63fc0
0x000000005634c270:   00000000000006d0 000000005b1def20
0x000000005634c280:   000000005634c540 000000005af58a00
0x000000005634c290:   0000000000000020 0000000000000009
0x000000005634c2a0:   000000005af5bf40 00000000000000da
0x000000005634c2b0:   000000005ad12e88 000000005a4857bd
0x000000005634c2c0:   000000005af5bf40 000000000000001c
0x000000005634c2d0:   00000000000000da 000000005634c540
0x000000005634c2e0:   000000005b1e32c0 00000000000000da
0x000000005634c2f0:   000000005af58a00 0000000000000020
0x000000005634c300:   0000000056db5c50 000000005634e8b0
0x000000005634c310:   0000000056db6280 000000005af5bf40 

Instructions: (pc=0x000000005a484be2)
0x000000005a484bc2:   c6 48 63 f0 48 03 f1 eb 04 48 83 ce ff 48 8b 84
0x000000005a484bd2:   24 a0 00 00 00 48 8b 40 08 48 8b 3c 03 48 8b cf
0x000000005a484be2:   48 8b 07 ff 50 28 4c 8d 05 11 b4 bd ff 48 63 50
0x000000005a484bf2:   10 4c 8b d8 48 8b ca 48 c1 e1 05 42 80 bc 01 c0 


Register to memory mapping:

RAX=0x000000005af5b868 is an unknown value
RBX=0x0000000000000600 is an unknown value
RCX=0x0000000000000000 is an unknown value
RDX=0x000000005b1e32c0 is an unknown value
RSP=0x000000005634c220 is pointing into the stack for thread: 0x0000000055b3b800
RBP=0x00000000000000c0 is an unknown value
RSI=0x00000000000000b8 is an unknown value
RDI=0x0000000000000000 is an unknown value
R8 =0x000000005a060000 is an unknown value
R9 =0x000000005634c540 is pointing into the stack for thread: 0x0000000055b3b800
R10=0x00000000ffffffff is an unknown value
R11=0x0000000055b6f6c0 is an unknown value
R12=0x000000005af5bf70 is an unknown value
R13=0x000000005ad12e88 is an unknown value
R14=0x0000000000000008 is an unknown value
R15=0x000000005ad12e88 is an unknown value


Stack: [0x0000000056250000,0x0000000056350000],  sp=0x000000005634c220,  free space=1008k
Native frames: (J=compiled Java code, j=interpreted, Vv=VM code, C=native code)
V  [jvm.dll+0x424be2]
V  [jvm.dll+0x4257bd]
V  [jvm.dll+0x425cff]
V  [jvm.dll+0x4c5844]
V  [jvm.dll+0x44125c]
V  [jvm.dll+0x4436c9]
V  [jvm.dll+0x427552]
V  [jvm.dll+0x96732]
V  [jvm.dll+0x96f23]
V  [jvm.dll+0x2232e4]
V  [jvm.dll+0x27baea]
C  [msvcr100.dll+0x21d9f]
C  [msvcr100.dll+0x21e3b]
C  [kernel32.dll+0x1f56d]
C  [ntdll.dll+0x33281]


Current CompileTask:
C2:  21950 5454       4       groovy.lang.MetaClassImpl::findPropertyMethod (356 bytes)


---------------  P R O C E S S  ---------------

Java Threads: ( => current thread )
  0x000000005b3a2800 JavaThread "net.sf.ehcache.CacheManager@6803cb46" daemon [_thread_blocked, id=6492, stack(0x000000005d230000,0x000000005d330000)]
  0x000000005b3a1800 JavaThread "PoolCleaner[701119748:1417921333092]" daemon [_thread_blocked, id=4796, stack(0x000000005d820000,0x000000005d920000)]
  0x00000000584de000 JavaThread "FileSystemWatcher: files=#94 cl=groovy.lang.GroovyClassLoader@29ca3d04" daemon [_thread_blocked, id=6944, stack(0x0000000059c90000,0x0000000059d90000)]
  0x000000005b306000 JavaThread "localhost-startStop-1" daemon [_thread_in_Java, id=6596, stack(0x0000000057920000,0x0000000057a20000)]
  0x000000005b305000 JavaThread "Tomcat-startStop-1" daemon [_thread_blocked, id=3992, stack(0x00000000599f0000,0x0000000059af0000)]
  0x000000005b40d000 JavaThread "Thread-3" [_thread_in_native, id=6896, stack(0x0000000059670000,0x0000000059770000)]
  0x0000000058894800 JavaThread "Thread-2" [_thread_blocked, id=3184, stack(0x0000000059170000,0x0000000059270000)]
  0x0000000056d1a800 JavaThread "NonBlockingInputStreamThread" daemon [_thread_blocked, id=6844, stack(0x0000000057a80000,0x0000000057b80000)]
  0x0000000055cad000 JavaThread "Service Thread" daemon [_thread_blocked, id=5992, stack(0x0000000056710000,0x0000000056810000)]
  0x0000000055b3d800 JavaThread "C1 CompilerThread2" daemon [_thread_blocked, id=6848, stack(0x0000000056450000,0x0000000056550000)]
=>0x0000000055b3b800 JavaThread "C2 CompilerThread1" daemon [_thread_in_native, id=7372, stack(0x0000000056250000,0x0000000056350000)]
  0x0000000055b3b000 JavaThread "C2 CompilerThread0" daemon [_thread_in_native, id=6244, stack(0x0000000056350000,0x0000000056450000)]
  0x0000000055a64800 JavaThread "Attach Listener" daemon [_thread_blocked, id=7316, stack(0x00000000560b0000,0x00000000561b0000)]
  0x0000000054794000 JavaThread "Signal Dispatcher" daemon [_thread_blocked, id=1972, stack(0x0000000055ee0000,0x0000000055fe0000)]
  0x0000000054730000 JavaThread "Finalizer" daemon [_thread_blocked, id=7828, stack(0x0000000055720000,0x0000000055820000)]
  0x000000005472d000 JavaThread "Reference Handler" daemon [_thread_blocked, id=4260, stack(0x0000000055960000,0x0000000055a60000)]
  0x0000000002058000 JavaThread "main" [_thread_blocked, id=6192, stack(0x0000000002170000,0x0000000002270000)]

Other Threads:
  0x0000000054727800 VMThread [stack: 0x0000000055850000,0x0000000055950000] [id=968]
  0x0000000055cb2000 WatcherThread [stack: 0x0000000056900000,0x0000000056a00000] [id=4860]

VM state:not at safepoint (normal execution)

VM Mutex/Monitor currently owned by a thread: None

Heap:
 PSYoungGen      total 239616K, used 113847K [0x00000000f0000000, 0x0000000100000000, 0x0000000100000000)
  eden space 222720K, 43% used [0x00000000f0000000,0x00000000f5eb1308,0x00000000fd980000)
  from space 16896K, 99% used [0x00000000fd980000,0x00000000fe9fc920,0x00000000fea00000)
  to   space 20480K, 0% used [0x00000000fec00000,0x00000000fec00000,0x0000000100000000)
 ParOldGen       total 88576K, used 73212K [0x00000000d0000000, 0x00000000d5680000, 0x00000000f0000000)
  object space 88576K, 82% used [0x00000000d0000000,0x00000000d477f360,0x00000000d5680000)
 Metaspace       used 56321K, capacity 57954K, committed 58216K, reserved 1099776K
  class space    used 6475K, capacity 6955K, committed 7040K, reserved 1048576K

Card table byte_map: [0x0000000011a20000,0x0000000011bb0000] byte_map_base: 0x00000000113a0000

Marking Bits: (ParMarkBitMap*) 0x000000005a8113b0
 Begin Bits: [0x0000000012420000, 0x0000000013020000)
 End Bits:   [0x0000000013020000, 0x0000000013c20000)

Polling page: 0x0000000001bf0000

CodeCache: size=245760Kb used=17762Kb max_used=17762Kb free=227997Kb
 bounds [0x0000000002660000, 0x00000000037f0000, 0x0000000011660000]
 total_blobs=5526 nmethods=4776 adapters=661
 compilation: enabled

Compilation events (10 events):
Event: 21.908 Thread 0x0000000055b3d800 nmethod 5590 0x00000000031c07d0 code [0x00000000031c0940, 0x00000000031c0aa8]
Event: 21.909 Thread 0x0000000055b3d800 5587   !   2       org.springframework.beans.BeanWrapperImpl::isWritableProperty (33 bytes)
Event: 21.909 Thread 0x0000000055b3d800 nmethod 5587 0x00000000031bfad0 code [0x00000000031bfcc0, 0x00000000031c0158]
Event: 21.909 Thread 0x0000000055b3d800 5588       2       org.springframework.beans.GenericTypeAwarePropertyDescriptor::getWriteMethodForActualAccess (72 bytes)
Event: 21.910 Thread 0x0000000055b3d800 nmethod 5588 0x00000000031bee50 code [0x00000000031bf060, 0x00000000031bf5f8]
Event: 21.910 Thread 0x0000000055b3d800 5589       1       org.springframework.beans.AbstractPropertyAccessor::isExtractOldValueForEditor (5 bytes)
Event: 21.910 Thread 0x0000000055b3d800 nmethod 5589 0x00000000031beb90 code [0x00000000031bece0, 0x00000000031bedf0]
Event: 21.913 Thread 0x0000000055b3d800 5591       2       org.hibernate.service.internal.ConcurrentServiceBinding$Node::get (72 bytes)
Event: 21.913 Thread 0x0000000055b3d800 nmethod 5591 0x00000000031be690 code [0x00000000031be800, 0x00000000031bea18]
Event: 21.924 Thread 0x0000000055b3d800 5592       2       groovy.lang.MetaClassImpl::applyStrayPropertyMethods (232 bytes)

GC Heap History (10 events):
Event: 16.197 GC heap before
{Heap before GC invocations=64 (full 6):
 PSYoungGen      total 214016K, used 205945K [0x00000000f0000000, 0x00000000fe780000, 0x0000000100000000)
  eden space 203776K, 100% used [0x00000000f0000000,0x00000000fc700000,0x00000000fc700000)
  from space 10240K, 21% used [0x00000000fc700000,0x00000000fc91e488,0x00000000fd100000)
  to   space 9728K, 0% used [0x00000000fde00000,0x00000000fde00000,0x00000000fe780000)
 ParOldGen       total 72192K, used 59123K [0x00000000d0000000, 0x00000000d4680000, 0x00000000f0000000)
  object space 72192K, 81% used [0x00000000d0000000,0x00000000d39bcf00,0x00000000d4680000)
 Metaspace       used 51125K, capacity 52676K, committed 52840K, reserved 1095680K
  class space    used 5803K, capacity 6231K, committed 6272K, reserved 1048576K
Event: 16.221 GC heap after
Heap after GC invocations=64 (full 6):
 PSYoungGen      total 224256K, used 4790K [0x00000000f0000000, 0x00000000fe600000, 0x0000000100000000)
  eden space 216064K, 0% used [0x00000000f0000000,0x00000000f0000000,0x00000000fd300000)
  from space 8192K, 58% used [0x00000000fde00000,0x00000000fe2ad8a8,0x00000000fe600000)
  to   space 9728K, 0% used [0x00000000fd300000,0x00000000fd300000,0x00000000fdc80000)
 ParOldGen       total 72192K, used 59131K [0x00000000d0000000, 0x00000000d4680000, 0x00000000f0000000)
  object space 72192K, 81% used [0x00000000d0000000,0x00000000d39bef00,0x00000000d4680000)
 Metaspace       used 51125K, capacity 52676K, committed 52840K, reserved 1095680K
  class space    used 5803K, capacity 6231K, committed 6272K, reserved 1048576K
}
Event: 18.037 GC heap before
{Heap before GC invocations=65 (full 6):
 PSYoungGen      total 224256K, used 220854K [0x00000000f0000000, 0x00000000fe600000, 0x0000000100000000)
  eden space 216064K, 100% used [0x00000000f0000000,0x00000000fd300000,0x00000000fd300000)
  from space 8192K, 58% used [0x00000000fde00000,0x00000000fe2ad8a8,0x00000000fe600000)
  to   space 9728K, 0% used [0x00000000fd300000,0x00000000fd300000,0x00000000fdc80000)
 ParOldGen       total 72192K, used 59131K [0x00000000d0000000, 0x00000000d4680000, 0x00000000f0000000)
  object space 72192K, 81% used [0x00000000d0000000,0x00000000d39bef00,0x00000000d4680000)
 Metaspace       used 52327K, capacity 53892K, committed 54120K, reserved 1097728K
  class space    used 5951K, capacity 6409K, committed 6528K, reserved 1048576K
Event: 18.075 GC heap after
Heap after GC invocations=65 (full 6):
 PSYoungGen      total 225792K, used 9728K [0x00000000f0000000, 0x00000000ff580000, 0x0000000100000000)
  eden space 216064K, 0% used [0x00000000f0000000,0x00000000f0000000,0x00000000fd300000)
  from space 9728K, 100% used [0x00000000fd300000,0x00000000fdc80000,0x00000000fdc80000)
  to   space 11776K, 0% used [0x00000000fea00000,0x00000000fea00000,0x00000000ff580000)
 ParOldGen       total 72192K, used 60951K [0x00000000d0000000, 0x00000000d4680000, 0x00000000f0000000)
  object space 72192K, 84% used [0x00000000d0000000,0x00000000d3b85e48,0x00000000d4680000)
 Metaspace       used 52327K, capacity 53892K, committed 54120K, reserved 1097728K
  class space    used 5951K, capacity 6409K, committed 6528K, reserved 1048576K
}
Event: 19.617 GC heap before
{Heap before GC invocations=66 (full 6):
 PSYoungGen      total 225792K, used 221596K [0x00000000f0000000, 0x00000000ff580000, 0x0000000100000000)
  eden space 216064K, 98% used [0x00000000f0000000,0x00000000fcee7370,0x00000000fd300000)
  from space 9728K, 100% used [0x00000000fd300000,0x00000000fdc80000,0x00000000fdc80000)
  to   space 11776K, 0% used [0x00000000fea00000,0x00000000fea00000,0x00000000ff580000)
 ParOldGen       total 72192K, used 60951K [0x00000000d0000000, 0x00000000d4680000, 0x00000000f0000000)
  object space 72192K, 84% used [0x00000000d0000000,0x00000000d3b85e48,0x00000000d4680000)
 Metaspace       used 53972K, capacity 55622K, committed 55784K, reserved 1097728K
  class space    used 6102K, capacity 6580K, committed 6656K, reserved 1048576K
Event: 19.652 GC heap after
Heap after GC invocations=66 (full 6):
 PSYoungGen      total 234496K, used 11744K [0x00000000f0000000, 0x00000000ffe80000, 0x0000000100000000)
  eden space 222720K, 0% used [0x00000000f0000000,0x00000000f0000000,0x00000000fd980000)
  from space 11776K, 99% used [0x00000000fea00000,0x00000000ff578310,0x00000000ff580000)
  to   space 16896K, 0% used [0x00000000fd980000,0x00000000fd980000,0x00000000fea00000)
 ParOldGen       total 72192K, used 69393K [0x00000000d0000000, 0x00000000d4680000, 0x00000000f0000000)
  object space 72192K, 96% used [0x00000000d0000000,0x00000000d43c4688,0x00000000d4680000)
 Metaspace       used 53972K, capacity 55622K, committed 55784K, reserved 1097728K
  class space    used 6102K, capacity 6580K, committed 6656K, reserved 1048576K
}
Event: 19.652 GC heap before
{Heap before GC invocations=67 (full 7):
 PSYoungGen      total 234496K, used 11744K [0x00000000f0000000, 0x00000000ffe80000, 0x0000000100000000)
  eden space 222720K, 0% used [0x00000000f0000000,0x00000000f0000000,0x00000000fd980000)
  from space 11776K, 99% used [0x00000000fea00000,0x00000000ff578310,0x00000000ff580000)
  to   space 16896K, 0% used [0x00000000fd980000,0x00000000fd980000,0x00000000fea00000)
 ParOldGen       total 72192K, used 69393K [0x00000000d0000000, 0x00000000d4680000, 0x00000000f0000000)
  object space 72192K, 96% used [0x00000000d0000000,0x00000000d43c4688,0x00000000d4680000)
 Metaspace       used 53972K, capacity 55622K, committed 55784K, reserved 1097728K
  class space    used 6102K, capacity 6580K, committed 6656K, reserved 1048576K
Event: 20.471 GC heap after
Heap after GC invocations=67 (full 7):
 PSYoungGen      total 234496K, used 7102K [0x00000000f0000000, 0x00000000ffe80000, 0x0000000100000000)
  eden space 222720K, 0% used [0x00000000f0000000,0x00000000f0000000,0x00000000fd980000)
  from space 11776K, 60% used [0x00000000fea00000,0x00000000ff0efbf0,0x00000000ff580000)
  to   space 16896K, 0% used [0x00000000fd980000,0x00000000fd980000,0x00000000fea00000)
 ParOldGen       total 88576K, used 71954K [0x00000000d0000000, 0x00000000d5680000, 0x00000000f0000000)
  object space 88576K, 81% used [0x00000000d0000000,0x00000000d4644a78,0x00000000d5680000)
 Metaspace       used 53972K, capacity 55622K, committed 55784K, reserved 1097728K
  class space    used 6102K, capacity 6580K, committed 6656K, reserved 1048576K
}
Event: 21.658 GC heap before
{Heap before GC invocations=68 (full 7):
 PSYoungGen      total 234496K, used 225964K [0x00000000f0000000, 0x00000000ffe80000, 0x0000000100000000)
  eden space 222720K, 98% used [0x00000000f0000000,0x00000000fd5bb7b0,0x00000000fd980000)
  from space 11776K, 60% used [0x00000000fea00000,0x00000000ff0efbf0,0x00000000ff580000)
  to   space 16896K, 0% used [0x00000000fd980000,0x00000000fd980000,0x00000000fea00000)
 ParOldGen       total 88576K, used 71954K [0x00000000d0000000, 0x00000000d5680000, 0x00000000f0000000)
  object space 88576K, 81% used [0x00000000d0000000,0x00000000d4644a78,0x00000000d5680000)
 Metaspace       used 55935K, capacity 57542K, committed 57832K, reserved 1099776K
  class space    used 6419K, capacity 6880K, committed 6912K, reserved 1048576K
Event: 21.709 GC heap after
Heap after GC invocations=68 (full 7):
 PSYoungGen      total 239616K, used 16882K [0x00000000f0000000, 0x0000000100000000, 0x0000000100000000)
  eden space 222720K, 0% used [0x00000000f0000000,0x00000000f0000000,0x00000000fd980000)
  from space 16896K, 99% used [0x00000000fd980000,0x00000000fe9fc920,0x00000000fea00000)
  to   space 20480K, 0% used [0x00000000fec00000,0x00000000fec00000,0x0000000100000000)
 ParOldGen       total 88576K, used 73212K [0x00000000d0000000, 0x00000000d5680000, 0x00000000f0000000)
  object space 88576K, 82% used [0x00000000d0000000,0x00000000d477f360,0x00000000d5680000)
 Metaspace       used 55935K, capacity 57542K, committed 57832K, reserved 1099776K
  class space    used 6419K, capacity 6880K, committed 6912K, reserved 1048576K
}

Deoptimization events (10 events):
Event: 16.769 Thread 0x000000005b306000 Uncommon trap: reason=unreached action=reinterpret pc=0x0000000002d4114c method=org.codehaus.groovy.runtime.metaclass.MetaMethodIndex.isNonRealMethod(Lgroovy/lang/MetaMethod;)Z @ 4
Event: 16.879 Thread 0x000000005b306000 Uncommon trap: reason=bimorphic action=maybe_recompile pc=0x000000000375902c method=groovy.lang.MetaClassImpl$1MOPIter.methodNameAction(Ljava/lang/Class;Lorg/codehaus/groovy/runtime/metaclass/MetaMethodIndex$Entry;)V @ 62
Event: 16.879 Thread 0x000000005b306000 Uncommon trap: reason=bimorphic action=maybe_recompile pc=0x000000000375902c method=groovy.lang.MetaClassImpl$1MOPIter.methodNameAction(Ljava/lang/Class;Lorg/codehaus/groovy/runtime/metaclass/MetaMethodIndex$Entry;)V @ 62
Event: 16.879 Thread 0x000000005b306000 Uncommon trap: reason=bimorphic action=maybe_recompile pc=0x000000000375902c method=groovy.lang.MetaClassImpl$1MOPIter.methodNameAction(Ljava/lang/Class;Lorg/codehaus/groovy/runtime/metaclass/MetaMethodIndex$Entry;)V @ 62
Event: 16.879 Thread 0x000000005b306000 Uncommon trap: reason=bimorphic action=maybe_recompile pc=0x000000000375902c method=groovy.lang.MetaClassImpl$1MOPIter.methodNameAction(Ljava/lang/Class;Lorg/codehaus/groovy/runtime/metaclass/MetaMethodIndex$Entry;)V @ 62
Event: 16.948 Thread 0x000000005b306000 Uncommon trap: reason=null_assert action=make_not_entrant pc=0x0000000003713594 method=java.util.concurrent.ConcurrentHashMap.transfer([Ljava/util/concurrent/ConcurrentHashMap$Node;[Ljava/util/concurrent/ConcurrentHashMap$Node;)V @ 557
Event: 19.054 Thread 0x000000005b306000 Uncommon trap: reason=unreached action=reinterpret pc=0x0000000002c563a0 method=org.codehaus.groovy.runtime.metaclass.MetaMethodIndex.getMethods(Ljava/lang/Class;Ljava/lang/String;)Lorg/codehaus/groovy/runtime/metaclass/MetaMethodIndex$Entry; @ 61
Event: 19.063 Thread 0x000000005b306000 Uncommon trap: reason=unreached action=reinterpret pc=0x0000000003504a30 method=org.codehaus.groovy.runtime.metaclass.MetaMethodIndex.getMethods(Ljava/lang/Class;Ljava/lang/String;)Lorg/codehaus/groovy/runtime/metaclass/MetaMethodIndex$Entry; @ 61
Event: 20.867 Thread 0x000000005b306000 Uncommon trap: reason=predicate action=maybe_recompile pc=0x00000000036ea110 method=java.nio.charset.CharsetDecoder.decode(Ljava/nio/ByteBuffer;Ljava/nio/CharBuffer;Z)Ljava/nio/charset/CoderResult; @ 54
Event: 21.280 Thread 0x000000005b306000 Uncommon trap: reason=unreached action=reinterpret pc=0x0000000002c34614 method=org.codehaus.groovy.runtime.metaclass.MetaMethodIndex.isNonRealMethod(Lgroovy/lang/MetaMethod;)Z @ 32

Internal exceptions (10 events):
Event: 21.921 Thread 0x000000005b306000 Exception <a 'java/security/PrivilegedActionException'> (0x00000000f4fb30e8) thrown at [D:\re\workspace\8-2-build-windows-amd64-cygwin\jdk8\2238\hotspot\src\share\vm\prims\jvm.cpp, line 1248]
Event: 21.921 Thread 0x000000005b306000 Exception <a 'java/lang/ClassNotFoundException': org/codehaus/groovy/grails/orm/hibernate/cfg/HibernateUtils$_enhanceSessionFactory_closure3BeanInfo> (0x00000000f4fb3d40) thrown at [D:\re\workspace\8-2-build-windows-amd64-cygwin\jdk8\2238\hotspot\src\share+âðŒ»ë5@
Event: 21.921 Thread 0x000000005b306000 Exception <a 'java/security/PrivilegedActionException'> (0x00000000f4fb5148) thrown at [D:\re\workspace\8-2-build-windows-amd64-cygwin\jdk8\2238\hotspot\src\share\vm\prims\jvm.cpp, line 1248]
Event: 21.921 Thread 0x000000005b306000 Exception <a 'java/security/PrivilegedActionException'> (0x00000000f4fbab90) thrown at [D:\re\workspace\8-2-build-windows-amd64-cygwin\jdk8\2238\hotspot\src\share\vm\prims\jvm.cpp, line 1248]
Event: 21.921 Thread 0x000000005b306000 Exception <a 'java/security/PrivilegedActionException'> (0x00000000f4fd0a20) thrown at [D:\re\workspace\8-2-build-windows-amd64-cygwin\jdk8\2238\hotspot\src\share\vm\prims\jvm.cpp, line 1248]
Event: 21.922 Thread 0x000000005b306000 Exception <a 'java/security/PrivilegedActionException'> (0x00000000f4fec750) thrown at [D:\re\workspace\8-2-build-windows-amd64-cygwin\jdk8\2238\hotspot\src\share\vm\prims\jvm.cpp, line 1248]
Event: 21.922 Thread 0x000000005b306000 Exception <a 'java/security/PrivilegedActionException'> (0x00000000f4ff24b8) thrown at [D:\re\workspace\8-2-build-windows-amd64-cygwin\jdk8\2238\hotspot\src\share\vm\prims\jvm.cpp, line 1248]
Event: 21.923 Thread 0x000000005b306000 Exception <a 'java/security/PrivilegedActionException'> (0x00000000f5008348) thrown at [D:\re\workspace\8-2-build-windows-amd64-cygwin\jdk8\2238\hotspot\src\share\vm\prims\jvm.cpp, line 1248]
Event: 21.923 Thread 0x000000005b306000 Exception <a 'java/security/PrivilegedActionException'> (0x00000000f59c2740) thrown at [D:\re\workspace\8-2-build-windows-amd64-cygwin\jdk8\2238\hotspot\src\share\vm\prims\jvm.cpp, line 1248]
Event: 21.924 Thread 0x000000005b306000 Exception <a 'java/lang/ClassNotFoundException': org/codehaus/groovy/grails/orm/hibernate/cfg/HibernateUtils$_enhanceSessionFactory_closure3Customizer> (0x00000000f59c3210) thrown at [D:\re\workspace\8-2-build-windows-amd64-cygwin\jdk8\2238\hotspot\src\sha&3G„³ë5@

Events (10 events):
Event: 21.921 loading class org/codehaus/groovy/grails/orm/hibernate/cfg/HibernateUtils$_enhanceSessionFactory_closure3BeanInfo
Event: 21.921 loading class org/codehaus/groovy/grails/orm/hibernate/cfg/HibernateUtils$_enhanceSessionFactory_closure3BeanInfo done
Event: 21.921 loading class org/codehaus/groovy/grails/orm/hibernate/cfg/HibernateUtils$_enhanceSessionFactory_closure3Customizer
Event: 21.921 loading class org/codehaus/groovy/grails/orm/hibernate/cfg/HibernateUtils$_enhanceSessionFactory_closure3Customizer done
Event: 21.922 loading class org/codehaus/groovy/grails/orm/hibernate/cfg/HibernateUtils$_enhanceSessionFactory_closure3Customizer
Event: 21.922 loading class org/codehaus/groovy/grails/orm/hibernate/cfg/HibernateUtils$_enhanceSessionFactory_closure3Customizer done
Event: 21.924 loading class org/codehaus/groovy/grails/orm/hibernate/cfg/HibernateUtils$_enhanceSessionFactory_closure3Customizer
Event: 21.924 loading class org/codehaus/groovy/grails/orm/hibernate/cfg/HibernateUtils$_enhanceSessionFactory_closure3Customizer done
Event: 21.925 loading class groovy/runtime/metaclass/org/codehaus/groovy/grails/domain/GrailsDomainClassPersistentEntityMetaClass
Event: 21.925 loading class groovy/runtime/metaclass/org/codehaus/groovy/grails/domain/GrailsDomainClassPersistentEntityMetaClass done


Dynamic libraries:
0x000000013ff90000 - 0x000000013ffc4000 	c:\Java\jdk1.8.0-64bits\bin\java.exe
0x00000000775b0000 - 0x000000007775b000 	C:\Windows\SYSTEM32\ntdll.dll
0x0000000077490000 - 0x00000000775af000 	C:\Windows\system32\kernel32.dll
0x000007fefd700000 - 0x000007fefd76b000 	C:\Windows\system32\KERNELBASE.dll
0x000007feff7e0000 - 0x000007feff8bb000 	C:\Windows\system32\ADVAPI32.dll
0x000007feff6f0000 - 0x000007feff78f000 	C:\Windows\system32\msvcrt.dll
0x000007fefe6b0000 - 0x000007fefe6cf000 	C:\Windows\SYSTEM32\sechost.dll
0x000007fefdd80000 - 0x000007fefdeae000 	C:\Windows\system32\RPCRT4.dll
0x0000000077390000 - 0x000000007748a000 	C:\Windows\system32\USER32.dll
0x000007fefe6d0000 - 0x000007fefe737000 	C:\Windows\system32\GDI32.dll
0x000007feff790000 - 0x000007feff79e000 	C:\Windows\system32\LPK.dll
0x000007fefda50000 - 0x000007fefdb1a000 	C:\Windows\system32\USP10.dll
0x000007fefbd50000 - 0x000007fefbf44000 	C:\Windows\WinSxS\amd64_microsoft.windows.common-controls_6595b64144ccf1df_6.0.7600.16385_none_fa645303170382f6\COMCTL32.dll
0x000007fefe5c0000 - 0x000007fefe631000 	C:\Windows\system32\SHLWAPI.dll
0x000007feff7a0000 - 0x000007feff7ce000 	C:\Windows\system32\IMM32.DLL
0x000007fefe4b0000 - 0x000007fefe5b9000 	C:\Windows\system32\MSCTF.dll
0x00000000648e0000 - 0x00000000649b2000 	c:\Java\jdk1.8.0-64bits\jre\bin\msvcr100.dll
0x000000005a060000 - 0x000000005a88a000 	c:\Java\jdk1.8.0-64bits\jre\bin\server\jvm.dll
0x000007feee410000 - 0x000007feee419000 	C:\Windows\system32\WSOCK32.dll
0x000007fefd980000 - 0x000007fefd9cd000 	C:\Windows\system32\WS2_32.dll
0x000007feff7d0000 - 0x000007feff7d8000 	C:\Windows\system32\NSI.dll
0x000007fefb140000 - 0x000007fefb17b000 	C:\Windows\system32\WINMM.dll
0x0000000077770000 - 0x0000000077777000 	C:\Windows\system32\PSAPI.DLL
0x0000000072900000 - 0x000000007290f000 	c:\Java\jdk1.8.0-64bits\jre\bin\verify.dll
0x000000006b6a0000 - 0x000000006b6c8000 	c:\Java\jdk1.8.0-64bits\jre\bin\java.dll
0x0000000069390000 - 0x00000000693b3000 	c:\Java\jdk1.8.0-64bits\jre\bin\instrument.dll
0x000000006bc10000 - 0x000000006bc26000 	c:\Java\jdk1.8.0-64bits\jre\bin\zip.dll
0x000007fefe960000 - 0x000007feff6e6000 	C:\Windows\system32\SHELL32.dll
0x000007fefdeb0000 - 0x000007fefe0b1000 	C:\Windows\system32\ole32.dll
0x000007fefd510000 - 0x000007fefd51f000 	C:\Windows\system32\profapi.dll
0x000007fefcde0000 - 0x000007fefcdf7000 	C:\Windows\system32\CRYPTSP.dll
0x000007fefcae0000 - 0x000007fefcb27000 	C:\Windows\system32\rsaenh.dll
0x000007fefc860000 - 0x000007fefc87e000 	C:\Windows\system32\USERENV.dll
0x000007fefd440000 - 0x000007fefd44f000 	C:\Windows\system32\CRYPTBASE.dll
0x000000006bbf0000 - 0x000000006bc0a000 	C:\java\jdk1.8.0-64bits\jre\bin\net.dll
0x000007fefcd80000 - 0x000007fefcdd4000 	C:\Windows\system32\mswsock.dll
0x000007fefcd70000 - 0x000007fefcd77000 	C:\Windows\System32\wship6.dll
0x000007fefb0e0000 - 0x000007fefb0f5000 	C:\Windows\system32\NLAapi.dll
0x000007fefcc00000 - 0x000007fefcc5b000 	C:\Windows\system32\DNSAPI.dll
0x000007fef4bf0000 - 0x000007fef4bfb000 	C:\Windows\System32\winrnr.dll
0x000007fef4bd0000 - 0x000007fef4be5000 	C:\Windows\system32\napinsp.dll
0x000007fef4bb0000 - 0x000007fef4bc9000 	C:\Windows\system32\pnrpnsp.dll
0x000007fef4ba0000 - 0x000007fef4bb0000 	C:\Windows\system32\wshbth.dll
0x000007fefc750000 - 0x000007fefc757000 	C:\Windows\System32\wshtcpip.dll
0x000007fefa9e0000 - 0x000007fefaa07000 	C:\Windows\system32\IPHLPAPI.DLL
0x000007fefa9d0000 - 0x000007fefa9db000 	C:\Windows\system32\WINNSI.DLL
0x000007fef3ca0000 - 0x000007fef3ca8000 	C:\Windows\system32\rasadhlp.dll
0x000007fefa870000 - 0x000007fefa8c3000 	C:\Windows\System32\fwpuclnt.dll
0x000000006b680000 - 0x000000006b691000 	C:\java\jdk1.8.0-64bits\jre\bin\nio.dll
0x000007fef9850000 - 0x000007fef985a000 	C:\Users\home64\AppData\Local\Temp\jansi-64-613025404241041156.dll
0x00000000728f0000 - 0x00000000728fd000 	C:\java\jdk1.8.0-64bits\jre\bin\management.dll
0x000007fef7790000 - 0x000007fef78b5000 	C:\Windows\system32\dbghelp.dll

VM Arguments:
jvm_args: -Dfile.encoding=UTF-8 -Xmx768M -Xms64M -Dgrails.fork.parent.process.port=53135 -Dgrails.fork.active=true -Dgrails.build.execution.context=C:\Users\home64\AppData\Local\Temp\saproto14687066298150938285grails-execution-context -Dgrails.home=C:\java\ggts-bundle\grails-2.4.3 -javaagent:C:\java\ggts-bundle\grails-2.4.3\lib\org.springframework\springloaded\jars\springloaded-1.2.0.RELEASE.jar -Xverify:none -Dspringloaded.synchronize=true -Djdk.reflect.allowGetCallerClass=true -Dspringloaded=profile=grails;cacheDir=C:\Users\home64\.grails\2.4.3 
java_command: org.grails.plugins.tomcat.fork.ForkedTomcatServer
java_class_path (initial): C:\java\jdk1.8.0-64bits\lib\tools.jar;C:\java\ggts-bundle\grails-2.4.3\lib\org.codehaus.groovy\groovy-all\jars\groovy-all-2.3.6.jar;C:\java\ggts-bundle\grails-2.4.3\lib\org.slf4j\jcl-over-slf4j\jars\jcl-over-slf4j-1.7.5.jar;C:\java\ggts-bundle\grails-2.4.3\lib\org.codehaus.gant\gant_groovy1.8\jars\gant_groovy1.8-1.9.6.jar;C:\java\ggts-bundle\grails-2.4.3\lib\org.apache.tomcat.embed\tomcat-embed-logging-log4j\jars\tomcat-embed-logging-log4j-7.0.50.jar;C:\java\ggts-bundle\grails-2.4.3\dist\grails-plugin-log4j-2.4.3.jar;C:\java\ggts-bundle\grails-2.4.3\lib\log4j\log4j\jars\log4j-1.2.17.jar;C:\java\ggts-bundle\grails-2.4.3\dist\grails-bootstrap-2.4.3.jar;C:\java\ggts-bundle\grails-2.4.3\lib\org.slf4j\slf4j-api\jars\slf4j-api-1.7.5.jar;C:\java\ggts-bundle\grails-2.4.3\lib\jline\jline\jars\jline-2.12.jar;C:\java\ggts-bundle\grails-2.4.3\lib\org.apache.ant\ant\jars\ant-1.8.4.jar;C:\java\ggts-bundle\grails-2.4.3\lib\org.apache.ant\ant-launcher\jars\ant-launcher-1.8.4.jar;C:\java\ggts-bundle\grails-2.4.3\lib\org.apache.ant\ant-trax\jars\ant-trax-1.7.1.jar;C:\java\ggts-bundle\grails-2.4.3\lib\org.apache.ant\ant-junit\jars\ant-junit-1.8.4.jar;C:\java\ggts-bundle\grails-2.4.3\lib\org.apache.ivy\ivy\jars\ivy-2.3.0.jar;C:\java\ggts-bundle\grails-2.4.3\lib\org.fusesource.jansi\jansi\jars\jansi-1.11.jar;C:\Users\home64\.m2\repository\org\apache\tomcat\tomcat-catalina-ant\7.0.55\tomcat-catalina-ant-7.0.55.jar;C:\Users\home64\.m2\repository\org\apache\tomcat\embed\tomcat-embed-jasper\7.0.55\tomcat-embed-jasper-7.0.55.jar;C:\Users\home64\.m2\repository\org\apache\tomcat\embed\tomcat-embed-el\7.0.55\tomcat-embed-el-7.0.55.jar;C:\Users\home64\.m2\repository\org\apache\tomcat\embed\tomcat-embed-logging-log4j\7.0.55\tomcat-embed-logging-log4j-7.0.55.jar;C:\Users\home64\.m2\repository\org\apache\tomcat\embed\tomcat-embed-websocket\7.0.55\tomcat-embed-websocket-7.0.55.jar;C:\Users\home64\.m2\repository\org\apache\tomcat\embed\tomcat-embed-core\7.0.55\tomcat-embe
Launcher Type: SUN_STANDARD

Environment Variables:
JAVA_HOME=c:\Java\jdk1.8.0-64bits
PATH=c:/Java/jdk1.8.0-64bits/bin/../jre/bin/server;c:/Java/jdk1.8.0-64bits/bin/../jre/bin;c:/Java/jdk1.8.0-64bits/bin/../jre/lib/amd64;C:\Program Files (x86)\PC Connectivity Solution\;C:\Program Files (x86)\Borland\Delphi7\Bin;C:\Program Files (x86)\Borland\Delphi7\Projects\Bpl\;C:\Program Files (x86)\AMD APP\bin\x86_64;C:\Windows\system32;C:\Windows;C:\Windows\System32\Wbem;C:\Windows\System32\WindowsPowerShell\v1.0;c:\Java\jdk1.8.0-64bits\bin;E:\Java\apache-maven-3.2.1\bin;E:\Java\mysql5.6\bin;c:\;D:\temp\64\svn;C:\Program Files\TortoiseSVN\bin;c:\java\ggts-bundle\grails-2.4.3\bin;;C:\java\ggts-bundle\ggts-3.6.2.RELEASE;
USERNAME=home64
OS=Windows_NT
PROCESSOR_IDENTIFIER=AMD64 Family 21 Model 1 Stepping 2, AuthenticAMD



---------------  S Y S T E M  ---------------

OS: Windows 7 , 64 bit Build 7600 

CPU:total 4 (4 cores per cpu, 1 threads per core) family 21 model 1 stepping 2, cmov, cx8, fxsr, mmx, sse, sse2, sse3, ssse3, sse4.1, sse4.2, popcnt, aes, clmul, mmxext, 3dnowpref, lzcnt, sse4a, tsc, tscinvbit

Memory: 4k page, physical 8316700k(4596508k free), swap 16631504k(10462932k free)

vm_info: Java HotSpot(TM) 64-Bit Server VM (25.0-b70) for windows-amd64 JRE (1.8.0-b132), built on Mar  4 2014 03:46:18 by "java_re" with MS VC++ 10.0 (VS2010)

time: Sun Dec 07 01:02:23 2014
elapsed time: 21 seconds

